2025-2-25 11:36:56 - log: Load engine in E:\cocos-dashboard-editors\Creator\3.8.3\resources\resources\3d\engine
2025-2-25 11:36:57 - log: Profile changed: engine (modules.includeModules: 2d,animation,audio,base,dragon-bones,gfx-webgl,gfx-webgl2,intersection-2d,meshopt,particle-2d,physics-2d-box2d,profiler,spine,tiled-map,tween,ui,video,webview)
2025-2-25 11:36:57 - log: Register native engine in E:\cocos-dashboard-editors\Creator\3.8.3\resources\resources\3d\engine\native
2025-2-25 11:36:58 - log: Request namespace: device-list
2025-2-25 11:37:20 - log: [Scene] meshopt wasm decoder initialized
2025-2-25 11:37:20 - log: [Scene] [box2d]:box2d wasm lib loaded.
2025-2-25 11:37:20 - log: [Scene] [bullet]:bullet wasm lib loaded.
2025-2-25 11:37:21 - log: [Scene] [PHYSICS]: using builtin.
2025-2-25 11:37:21 - log: [Scene] Cocos Creator v3.8.3
2025-2-25 11:37:21 - info: [Scene] Forward render pipeline initialized.
2025-2-25 11:37:21 - log: [Scene] [PHYSICS2D]: switch from box2d-wasm to box2d.
2025-2-25 11:48:09 - info: [Window] Download the Vue Devtools extension for a better development experience:
https://github.com/vuejs/vue-devtools
2025-2-25 11:48:09 - info: [Window] You are running Vue in development mode.
Make sure to turn on production mode when deploying for production.
See more tips at https://vuejs.org/guide/deployment.html
2025-2-25 11:48:09 - warn: [Assets] [build-script][[Build.Script.Rollup]] Circular dependency: file:///G:/sxbs2/sxbs2/assets/core/Oops.ts -> file:///G:/sxbs2/sxbs2/assets/libs/network/WsNet.ts -> file:///G:/sxbs2/sxbs2/assets/core/Oops.ts
[warning][[Build.Script.Rollup]] Circular dependency: file:///G:/sxbs2/sxbs2/assets/core/Oops.ts -> file:///G:/sxbs2/sxbs2/assets/libs/network/WsNet.ts -> file:///G:/sxbs2/sxbs2/assets/libs/network/WsFunc.ts -> file:///G:/sxbs2/sxbs2/assets/core/Oops.ts
[Assets] [build-script][[Build.Script.Rollup]] Circular dependency: file:///G:/sxbs2/sxbs2/assets/core/Oops.ts -> file:///G:/sxbs2/sxbs2/assets/libs/network/WsNet.ts -> file:///G:/sxbs2/sxbs2/assets/core/Oops.ts
[warning][[Build.Script.Rollup]] Circular dependency: file:///G:/sxbs2/sxbs2/assets/core/Oops.ts -> file:///G:/sxbs2/sxbs2/assets/libs/network/WsNet.ts -> file:///G:/sxbs2/sxbs2/assets/libs/network/WsFunc.ts -> file:///G:/sxbs2/sxbs2/assets/core/Oops.ts
  
at Logger.record (E:\cocos-dashboard-editors\Creator\3.8.3\resources\app.asar\node_modules\@base\electron-logger\lib\renderer.ccc:1:458)  
at Object.warn (E:\cocos-dashboard-editors\Creator\3.8.3\resources\app.asar\node_modules\@base\electron-logger\lib\renderer.ccc:1:1260)  
at Object.warn (E:\cocos-dashboard-editors\Creator\3.8.3\resources\app.asar\builtin\asset-db\dist\worker\console.ccc:1:1510)  
at NewConsole.warn (E:\cocos-dashboard-editors\Creator\3.8.3\resources\app.asar\builtin\builder\dist\worker\console.ccc:1:2337)  
at Socket.<anonymous> (E:\cocos-dashboard-editors\Creator\3.8.3\resources\app.asar\builtin\builder\dist\worker\worker-pools\sub-process-manager.ccc:1:3352)  
at Socket.emit (events.js:315:20)  
at addChunk (internal/streams/readable.js:309:12)  
at readableAddChunk (internal/streams/readable.js:284:9)
2025-2-25 11:48:14 - error: [Assets] ENOENT: no such file or directory, open 'G:\sxbs2\sxbs2\build\android\assets\main.js'Error: ENOENT: no such file or directory, open 'G:\sxbs2\sxbs2\build\android\assets\main.js'
    at Object.openSync (fs.js:476:3)
    at Object.func [as openSync] (electron/js2c/asar_bundle.js:5:1846)
    at Object.readFileSync (fs.js:377:35)
    at Object.e.readFileSync (electron/js2c/asar_bundle.js:5:8872)
    at HotUpdate.mainJs (G:\sxbs2\sxbs2\extensions\oops-plugin-hot-update\dist\HotUpdate.js:37:29)
    at HotUpdate.create (G:\sxbs2\sxbs2\extensions\oops-plugin-hot-update\dist\HotUpdate.js:23:14)
    at G:\sxbs2\sxbs2\extensions\oops-plugin-hot-update\dist\hooks.js:63:25
    at Generator.next (<anonymous>)
    at G:\sxbs2\sxbs2\extensions\oops-plugin-hot-update\dist\hooks.js:8:71
    at new Promise (<anonymous>)
    at G:\sxbs2\sxbs2\extensions\oops-plugin-hot-update\dist\hooks.js:4:12
    at onAfterBuild (G:\sxbs2\sxbs2\extensions\oops-plugin-hot-update\dist\hooks.js:59:12)
    at BuildTask.handleHook (E:\cocos-dashboard-editors\Creator\3.8.3\resources\app.asar\builtin\builder\dist\worker\builder\index.ccc:1:13376)
    at BuildTask.runPluginTask (E:\cocos-dashboard-editors\Creator\3.8.3\resources\app.asar\builtin\builder\dist\worker\builder\manager\task-base.ccc:1:1203)
    at BuildTask.run (E:\cocos-dashboard-editors\Creator\3.8.3\resources\app.asar\builtin\builder\dist\worker\builder\index.ccc:1:5243)
    at build (E:\cocos-dashboard-editors\Creator\3.8.3\resources\app.asar\builtin\builder\dist\worker\index.ccc:1:3967)
    at Ipc.<anonymous> (E:\cocos-dashboard-editors\Creator\3.8.3\resources\app.asar\builtin\builder\dist\worker\msg-util.ccc:1:206)
2025-2-25 11:49:15 - info: [Window] Download the Vue Devtools extension for a better development experience:
https://github.com/vuejs/vue-devtools
2025-2-25 11:49:15 - info: [Window] You are running Vue in development mode.
Make sure to turn on production mode when deploying for production.
See more tips at https://vuejs.org/guide/deployment.html
2025-2-25 11:49:58 - warn: [Assets] [build-script][[Build.Script.Rollup]] Circular dependency: file:///G:/sxbs2/sxbs2/assets/core/Oops.ts -> file:///G:/sxbs2/sxbs2/assets/libs/network/WsNet.ts -> file:///G:/sxbs2/sxbs2/assets/core/Oops.ts
[warning][[Build.Script.Rollup]] Circular dependency: file:///G:/sxbs2/sxbs2/assets/core/Oops.ts -> file:///G:/sxbs2/sxbs2/assets/libs/network/WsNet.ts -> file:///G:/sxbs2/sxbs2/assets/libs/network/WsFunc.ts -> file:///G:/sxbs2/sxbs2/assets/core/Oops.ts
[Assets] [build-script][[Build.Script.Rollup]] Circular dependency: file:///G:/sxbs2/sxbs2/assets/core/Oops.ts -> file:///G:/sxbs2/sxbs2/assets/libs/network/WsNet.ts -> file:///G:/sxbs2/sxbs2/assets/core/Oops.ts
[warning][[Build.Script.Rollup]] Circular dependency: file:///G:/sxbs2/sxbs2/assets/core/Oops.ts -> file:///G:/sxbs2/sxbs2/assets/libs/network/WsNet.ts -> file:///G:/sxbs2/sxbs2/assets/libs/network/WsFunc.ts -> file:///G:/sxbs2/sxbs2/assets/core/Oops.ts
  
at Logger.record (E:\cocos-dashboard-editors\Creator\3.8.3\resources\app.asar\node_modules\@base\electron-logger\lib\renderer.ccc:1:458)  
at Object.warn (E:\cocos-dashboard-editors\Creator\3.8.3\resources\app.asar\node_modules\@base\electron-logger\lib\renderer.ccc:1:1260)  
at Object.warn (E:\cocos-dashboard-editors\Creator\3.8.3\resources\app.asar\builtin\asset-db\dist\worker\console.ccc:1:1510)  
at NewConsole.warn (E:\cocos-dashboard-editors\Creator\3.8.3\resources\app.asar\builtin\builder\dist\worker\console.ccc:1:2337)  
at Socket.<anonymous> (E:\cocos-dashboard-editors\Creator\3.8.3\resources\app.asar\builtin\builder\dist\worker\worker-pools\sub-process-manager.ccc:1:3352)  
at Socket.emit (events.js:315:20)  
at addChunk (internal/streams/readable.js:309:12)  
at readableAddChunk (internal/streams/readable.js:284:9)  
at Socket.Readable.push (internal/streams/readable.js:223:10)  
at Pipe.onStreamRead (internal/stream_base_commons.js:188:23)
2025-2-25 14:13:53 - warn: [Assets] [build-script][[Build.Script.Rollup]] Circular dependency: file:///G:/sxbs2/sxbs2/assets/core/Oops.ts -> file:///G:/sxbs2/sxbs2/assets/libs/network/WsNet.ts -> file:///G:/sxbs2/sxbs2/assets/core/Oops.ts
[warning][[Build.Script.Rollup]] Circular dependency: file:///G:/sxbs2/sxbs2/assets/core/Oops.ts -> file:///G:/sxbs2/sxbs2/assets/libs/network/WsNet.ts -> file:///G:/sxbs2/sxbs2/assets/libs/network/WsFunc.ts -> file:///G:/sxbs2/sxbs2/assets/core/Oops.ts
[Assets] [build-script][[Build.Script.Rollup]] Circular dependency: file:///G:/sxbs2/sxbs2/assets/core/Oops.ts -> file:///G:/sxbs2/sxbs2/assets/libs/network/WsNet.ts -> file:///G:/sxbs2/sxbs2/assets/core/Oops.ts
[warning][[Build.Script.Rollup]] Circular dependency: file:///G:/sxbs2/sxbs2/assets/core/Oops.ts -> file:///G:/sxbs2/sxbs2/assets/libs/network/WsNet.ts -> file:///G:/sxbs2/sxbs2/assets/libs/network/WsFunc.ts -> file:///G:/sxbs2/sxbs2/assets/core/Oops.ts
  
at Logger.record (E:\cocos-dashboard-editors\Creator\3.8.3\resources\app.asar\node_modules\@base\electron-logger\lib\renderer.ccc:1:458)  
at Object.warn (E:\cocos-dashboard-editors\Creator\3.8.3\resources\app.asar\node_modules\@base\electron-logger\lib\renderer.ccc:1:1260)  
at Object.warn (E:\cocos-dashboard-editors\Creator\3.8.3\resources\app.asar\builtin\asset-db\dist\worker\console.ccc:1:1510)  
at NewConsole.warn (E:\cocos-dashboard-editors\Creator\3.8.3\resources\app.asar\builtin\builder\dist\worker\console.ccc:1:2337)  
at Socket.<anonymous> (E:\cocos-dashboard-editors\Creator\3.8.3\resources\app.asar\builtin\builder\dist\worker\worker-pools\sub-process-manager.ccc:1:3352)  
at Socket.emit (events.js:315:20)  
at addChunk (internal/streams/readable.js:309:12)  
at readableAddChunk (internal/streams/readable.js:284:9)  
at Socket.Readable.push (internal/streams/readable.js:223:10)  
at Pipe.onStreamRead (internal/stream_base_commons.js:188:23)
2025-2-25 14:15:04 - info: [Window] Download the Vue Devtools extension for a better development experience:
https://github.com/vuejs/vue-devtools
2025-2-25 14:15:04 - info: [Window] You are running Vue in development mode.
Make sure to turn on production mode when deploying for production.
See more tips at https://vuejs.org/guide/deployment.html
2025-2-25 14:15:21 - warn: [Assets] [build-script][[Build.Script.Rollup]] Circular dependency: file:///G:/sxbs2/sxbs2/assets/core/Oops.ts -> file:///G:/sxbs2/sxbs2/assets/libs/network/WsNet.ts -> file:///G:/sxbs2/sxbs2/assets/core/Oops.ts
[warning][[Build.Script.Rollup]] Circular dependency: file:///G:/sxbs2/sxbs2/assets/core/Oops.ts -> file:///G:/sxbs2/sxbs2/assets/libs/network/WsNet.ts -> file:///G:/sxbs2/sxbs2/assets/libs/network/WsFunc.ts -> file:///G:/sxbs2/sxbs2/assets/core/Oops.ts
[Assets] [build-script][[Build.Script.Rollup]] Circular dependency: file:///G:/sxbs2/sxbs2/assets/core/Oops.ts -> file:///G:/sxbs2/sxbs2/assets/libs/network/WsNet.ts -> file:///G:/sxbs2/sxbs2/assets/core/Oops.ts
[warning][[Build.Script.Rollup]] Circular dependency: file:///G:/sxbs2/sxbs2/assets/core/Oops.ts -> file:///G:/sxbs2/sxbs2/assets/libs/network/WsNet.ts -> file:///G:/sxbs2/sxbs2/assets/libs/network/WsFunc.ts -> file:///G:/sxbs2/sxbs2/assets/core/Oops.ts
  
at Logger.record (E:\cocos-dashboard-editors\Creator\3.8.3\resources\app.asar\node_modules\@base\electron-logger\lib\renderer.ccc:1:458)  
at Object.warn (E:\cocos-dashboard-editors\Creator\3.8.3\resources\app.asar\node_modules\@base\electron-logger\lib\renderer.ccc:1:1260)  
at Object.warn (E:\cocos-dashboard-editors\Creator\3.8.3\resources\app.asar\builtin\asset-db\dist\worker\console.ccc:1:1510)  
at NewConsole.warn (E:\cocos-dashboard-editors\Creator\3.8.3\resources\app.asar\builtin\builder\dist\worker\console.ccc:1:2337)  
at Socket.<anonymous> (E:\cocos-dashboard-editors\Creator\3.8.3\resources\app.asar\builtin\builder\dist\worker\worker-pools\sub-process-manager.ccc:1:3352)  
at Socket.emit (events.js:315:20)  
at addChunk (internal/streams/readable.js:309:12)  
at readableAddChunk (internal/streams/readable.js:284:9)  
at Socket.Readable.push (internal/streams/readable.js:223:10)  
at Pipe.onStreamRead (internal/stream_base_commons.js:188:23)
2025-2-25 14:19:25 - warn: [Assets] [build-script][[Build.Script.Rollup]] Circular dependency: file:///G:/sxbs2/sxbs2/assets/core/Oops.ts -> file:///G:/sxbs2/sxbs2/assets/libs/network/WsNet.ts -> file:///G:/sxbs2/sxbs2/assets/core/Oops.ts
[warning][[Build.Script.Rollup]] Circular dependency: file:///G:/sxbs2/sxbs2/assets/core/Oops.ts -> file:///G:/sxbs2/sxbs2/assets/libs/network/WsNet.ts -> file:///G:/sxbs2/sxbs2/assets/libs/network/WsFunc.ts -> file:///G:/sxbs2/sxbs2/assets/core/Oops.ts
[Assets] [build-script][[Build.Script.Rollup]] Circular dependency: file:///G:/sxbs2/sxbs2/assets/core/Oops.ts -> file:///G:/sxbs2/sxbs2/assets/libs/network/WsNet.ts -> file:///G:/sxbs2/sxbs2/assets/core/Oops.ts
[warning][[Build.Script.Rollup]] Circular dependency: file:///G:/sxbs2/sxbs2/assets/core/Oops.ts -> file:///G:/sxbs2/sxbs2/assets/libs/network/WsNet.ts -> file:///G:/sxbs2/sxbs2/assets/libs/network/WsFunc.ts -> file:///G:/sxbs2/sxbs2/assets/core/Oops.ts
  
at Logger.record (E:\cocos-dashboard-editors\Creator\3.8.3\resources\app.asar\node_modules\@base\electron-logger\lib\renderer.ccc:1:458)  
at Object.warn (E:\cocos-dashboard-editors\Creator\3.8.3\resources\app.asar\node_modules\@base\electron-logger\lib\renderer.ccc:1:1260)  
at Object.warn (E:\cocos-dashboard-editors\Creator\3.8.3\resources\app.asar\builtin\asset-db\dist\worker\console.ccc:1:1510)  
at NewConsole.warn (E:\cocos-dashboard-editors\Creator\3.8.3\resources\app.asar\builtin\builder\dist\worker\console.ccc:1:2337)  
at Socket.<anonymous> (E:\cocos-dashboard-editors\Creator\3.8.3\resources\app.asar\builtin\builder\dist\worker\worker-pools\sub-process-manager.ccc:1:3352)  
at Socket.emit (events.js:315:20)  
at addChunk (internal/streams/readable.js:309:12)  
at readableAddChunk (internal/streams/readable.js:284:9)  
at Socket.Readable.push (internal/streams/readable.js:223:10)  
at Pipe.onStreamRead (internal/stream_base_commons.js:188:23)
2025-2-25 14:20:10 - warn: [Assets] [build-script][[Build.Script.Rollup]] Circular dependency: file:///G:/sxbs2/sxbs2/assets/core/Oops.ts -> file:///G:/sxbs2/sxbs2/assets/libs/network/WsNet.ts -> file:///G:/sxbs2/sxbs2/assets/core/Oops.ts
[warning][[Build.Script.Rollup]] Circular dependency: file:///G:/sxbs2/sxbs2/assets/core/Oops.ts -> file:///G:/sxbs2/sxbs2/assets/libs/network/WsNet.ts -> file:///G:/sxbs2/sxbs2/assets/libs/network/WsFunc.ts -> file:///G:/sxbs2/sxbs2/assets/core/Oops.ts
[Assets] [build-script][[Build.Script.Rollup]] Circular dependency: file:///G:/sxbs2/sxbs2/assets/core/Oops.ts -> file:///G:/sxbs2/sxbs2/assets/libs/network/WsNet.ts -> file:///G:/sxbs2/sxbs2/assets/core/Oops.ts
[warning][[Build.Script.Rollup]] Circular dependency: file:///G:/sxbs2/sxbs2/assets/core/Oops.ts -> file:///G:/sxbs2/sxbs2/assets/libs/network/WsNet.ts -> file:///G:/sxbs2/sxbs2/assets/libs/network/WsFunc.ts -> file:///G:/sxbs2/sxbs2/assets/core/Oops.ts
  
at Logger.record (E:\cocos-dashboard-editors\Creator\3.8.3\resources\app.asar\node_modules\@base\electron-logger\lib\renderer.ccc:1:458)  
at Object.warn (E:\cocos-dashboard-editors\Creator\3.8.3\resources\app.asar\node_modules\@base\electron-logger\lib\renderer.ccc:1:1260)  
at Object.warn (E:\cocos-dashboard-editors\Creator\3.8.3\resources\app.asar\builtin\asset-db\dist\worker\console.ccc:1:1510)  
at NewConsole.warn (E:\cocos-dashboard-editors\Creator\3.8.3\resources\app.asar\builtin\builder\dist\worker\console.ccc:1:2337)  
at Socket.<anonymous> (E:\cocos-dashboard-editors\Creator\3.8.3\resources\app.asar\builtin\builder\dist\worker\worker-pools\sub-process-manager.ccc:1:3352)  
at Socket.emit (events.js:315:20)  
at addChunk (internal/streams/readable.js:309:12)  
at readableAddChunk (internal/streams/readable.js:284:9)  
at Socket.Readable.push (internal/streams/readable.js:223:10)  
at Pipe.onStreamRead (internal/stream_base_commons.js:188:23)
2025-2-25 14:21:17 - info: [Window] Download the Vue Devtools extension for a better development experience:
https://github.com/vuejs/vue-devtools
2025-2-25 14:21:17 - info: [Window] You are running Vue in development mode.
Make sure to turn on production mode when deploying for production.
See more tips at https://vuejs.org/guide/deployment.html
2025-2-25 14:21:33 - warn: [Assets] [build-script][[Build.Script.Rollup]] Circular dependency: file:///G:/sxbs2/sxbs2/assets/core/Oops.ts -> file:///G:/sxbs2/sxbs2/assets/libs/network/WsNet.ts -> file:///G:/sxbs2/sxbs2/assets/core/Oops.ts
[warning][[Build.Script.Rollup]] Circular dependency: file:///G:/sxbs2/sxbs2/assets/core/Oops.ts -> file:///G:/sxbs2/sxbs2/assets/libs/network/WsNet.ts -> file:///G:/sxbs2/sxbs2/assets/libs/network/WsFunc.ts -> file:///G:/sxbs2/sxbs2/assets/core/Oops.ts
[Assets] [build-script][[Build.Script.Rollup]] Circular dependency: file:///G:/sxbs2/sxbs2/assets/core/Oops.ts -> file:///G:/sxbs2/sxbs2/assets/libs/network/WsNet.ts -> file:///G:/sxbs2/sxbs2/assets/core/Oops.ts
[warning][[Build.Script.Rollup]] Circular dependency: file:///G:/sxbs2/sxbs2/assets/core/Oops.ts -> file:///G:/sxbs2/sxbs2/assets/libs/network/WsNet.ts -> file:///G:/sxbs2/sxbs2/assets/libs/network/WsFunc.ts -> file:///G:/sxbs2/sxbs2/assets/core/Oops.ts
  
at Logger.record (E:\cocos-dashboard-editors\Creator\3.8.3\resources\app.asar\node_modules\@base\electron-logger\lib\renderer.ccc:1:458)  
at Object.warn (E:\cocos-dashboard-editors\Creator\3.8.3\resources\app.asar\node_modules\@base\electron-logger\lib\renderer.ccc:1:1260)  
at Object.warn (E:\cocos-dashboard-editors\Creator\3.8.3\resources\app.asar\builtin\asset-db\dist\worker\console.ccc:1:1510)  
at NewConsole.warn (E:\cocos-dashboard-editors\Creator\3.8.3\resources\app.asar\builtin\builder\dist\worker\console.ccc:1:2337)  
at Socket.<anonymous> (E:\cocos-dashboard-editors\Creator\3.8.3\resources\app.asar\builtin\builder\dist\worker\worker-pools\sub-process-manager.ccc:1:3352)  
at Socket.emit (events.js:315:20)  
at addChunk (internal/streams/readable.js:309:12)  
at readableAddChunk (internal/streams/readable.js:284:9)  
at Socket.Readable.push (internal/streams/readable.js:223:10)  
at Pipe.onStreamRead (internal/stream_base_commons.js:188:23)
2025-2-25 14:23:41 - info: [Window] Download the Vue Devtools extension for a better development experience:
https://github.com/vuejs/vue-devtools
2025-2-25 14:23:41 - info: [Window] You are running Vue in development mode.
Make sure to turn on production mode when deploying for production.
See more tips at https://vuejs.org/guide/deployment.html
2025-2-25 14:23:57 - warn: [Assets] [build-script][[Build.Script.Rollup]] Circular dependency: file:///G:/sxbs2/sxbs2/assets/core/Oops.ts -> file:///G:/sxbs2/sxbs2/assets/libs/network/WsNet.ts -> file:///G:/sxbs2/sxbs2/assets/core/Oops.ts
[warning][[Build.Script.Rollup]] Circular dependency: file:///G:/sxbs2/sxbs2/assets/core/Oops.ts -> file:///G:/sxbs2/sxbs2/assets/libs/network/WsNet.ts -> file:///G:/sxbs2/sxbs2/assets/libs/network/WsFunc.ts -> file:///G:/sxbs2/sxbs2/assets/core/Oops.ts
[Assets] [build-script][[Build.Script.Rollup]] Circular dependency: file:///G:/sxbs2/sxbs2/assets/core/Oops.ts -> file:///G:/sxbs2/sxbs2/assets/libs/network/WsNet.ts -> file:///G:/sxbs2/sxbs2/assets/core/Oops.ts
[warning][[Build.Script.Rollup]] Circular dependency: file:///G:/sxbs2/sxbs2/assets/core/Oops.ts -> file:///G:/sxbs2/sxbs2/assets/libs/network/WsNet.ts -> file:///G:/sxbs2/sxbs2/assets/libs/network/WsFunc.ts -> file:///G:/sxbs2/sxbs2/assets/core/Oops.ts
  
at Logger.record (E:\cocos-dashboard-editors\Creator\3.8.3\resources\app.asar\node_modules\@base\electron-logger\lib\renderer.ccc:1:458)  
at Object.warn (E:\cocos-dashboard-editors\Creator\3.8.3\resources\app.asar\node_modules\@base\electron-logger\lib\renderer.ccc:1:1260)  
at Object.warn (E:\cocos-dashboard-editors\Creator\3.8.3\resources\app.asar\builtin\asset-db\dist\worker\console.ccc:1:1510)  
at NewConsole.warn (E:\cocos-dashboard-editors\Creator\3.8.3\resources\app.asar\builtin\builder\dist\worker\console.ccc:1:2337)  
at Socket.<anonymous> (E:\cocos-dashboard-editors\Creator\3.8.3\resources\app.asar\builtin\builder\dist\worker\worker-pools\sub-process-manager.ccc:1:3352)  
at Socket.emit (events.js:315:20)  
at addChunk (internal/streams/readable.js:309:12)  
at readableAddChunk (internal/streams/readable.js:284:9)  
at Socket.Readable.push (internal/streams/readable.js:223:10)  
at Pipe.onStreamRead (internal/stream_base_commons.js:188:23)
2025-2-25 14:25:31 - info: [Window] Download the Vue Devtools extension for a better development experience:
https://github.com/vuejs/vue-devtools
2025-2-25 14:25:31 - info: [Window] You are running Vue in development mode.
Make sure to turn on production mode when deploying for production.
See more tips at https://vuejs.org/guide/deployment.html
2025-2-25 14:25:46 - warn: [Assets] [build-script][[Build.Script.Rollup]] Circular dependency: file:///G:/sxbs2/sxbs2/assets/core/Oops.ts -> file:///G:/sxbs2/sxbs2/assets/libs/network/WsNet.ts -> file:///G:/sxbs2/sxbs2/assets/core/Oops.ts
[warning][[Build.Script.Rollup]] Circular dependency: file:///G:/sxbs2/sxbs2/assets/core/Oops.ts -> file:///G:/sxbs2/sxbs2/assets/libs/network/WsNet.ts -> file:///G:/sxbs2/sxbs2/assets/libs/network/WsFunc.ts -> file:///G:/sxbs2/sxbs2/assets/core/Oops.ts
[Assets] [build-script][[Build.Script.Rollup]] Circular dependency: file:///G:/sxbs2/sxbs2/assets/core/Oops.ts -> file:///G:/sxbs2/sxbs2/assets/libs/network/WsNet.ts -> file:///G:/sxbs2/sxbs2/assets/core/Oops.ts
[warning][[Build.Script.Rollup]] Circular dependency: file:///G:/sxbs2/sxbs2/assets/core/Oops.ts -> file:///G:/sxbs2/sxbs2/assets/libs/network/WsNet.ts -> file:///G:/sxbs2/sxbs2/assets/libs/network/WsFunc.ts -> file:///G:/sxbs2/sxbs2/assets/core/Oops.ts
  
at Logger.record (E:\cocos-dashboard-editors\Creator\3.8.3\resources\app.asar\node_modules\@base\electron-logger\lib\renderer.ccc:1:458)  
at Object.warn (E:\cocos-dashboard-editors\Creator\3.8.3\resources\app.asar\node_modules\@base\electron-logger\lib\renderer.ccc:1:1260)  
at Object.warn (E:\cocos-dashboard-editors\Creator\3.8.3\resources\app.asar\builtin\asset-db\dist\worker\console.ccc:1:1510)  
at NewConsole.warn (E:\cocos-dashboard-editors\Creator\3.8.3\resources\app.asar\builtin\builder\dist\worker\console.ccc:1:2337)  
at Socket.<anonymous> (E:\cocos-dashboard-editors\Creator\3.8.3\resources\app.asar\builtin\builder\dist\worker\worker-pools\sub-process-manager.ccc:1:3352)  
at Socket.emit (events.js:315:20)  
at addChunk (internal/streams/readable.js:309:12)  
at readableAddChunk (internal/streams/readable.js:284:9)  
at Socket.Readable.push (internal/streams/readable.js:223:10)  
at Pipe.onStreamRead (internal/stream_base_commons.js:188:23)
2025-2-25 14:55:14 - info: [Window] Download the Vue Devtools extension for a better development experience:
https://github.com/vuejs/vue-devtools
2025-2-25 14:55:14 - info: [Window] You are running Vue in development mode.
Make sure to turn on production mode when deploying for production.
See more tips at https://vuejs.org/guide/deployment.html
2025-2-25 14:55:39 - warn: [Assets] [build-script][[Build.Script.Rollup]] Circular dependency: file:///G:/sxbs2/sxbs2/assets/core/Oops.ts -> file:///G:/sxbs2/sxbs2/assets/libs/network/WsNet.ts -> file:///G:/sxbs2/sxbs2/assets/core/Oops.ts
[warning][[Build.Script.Rollup]] Circular dependency: file:///G:/sxbs2/sxbs2/assets/core/Oops.ts -> file:///G:/sxbs2/sxbs2/assets/libs/network/WsNet.ts -> file:///G:/sxbs2/sxbs2/assets/libs/network/WsFunc.ts -> file:///G:/sxbs2/sxbs2/assets/core/Oops.ts
[Assets] [build-script][[Build.Script.Rollup]] Circular dependency: file:///G:/sxbs2/sxbs2/assets/core/Oops.ts -> file:///G:/sxbs2/sxbs2/assets/libs/network/WsNet.ts -> file:///G:/sxbs2/sxbs2/assets/core/Oops.ts
[warning][[Build.Script.Rollup]] Circular dependency: file:///G:/sxbs2/sxbs2/assets/core/Oops.ts -> file:///G:/sxbs2/sxbs2/assets/libs/network/WsNet.ts -> file:///G:/sxbs2/sxbs2/assets/libs/network/WsFunc.ts -> file:///G:/sxbs2/sxbs2/assets/core/Oops.ts
  
at Logger.record (E:\cocos-dashboard-editors\Creator\3.8.3\resources\app.asar\node_modules\@base\electron-logger\lib\renderer.ccc:1:458)  
at Object.warn (E:\cocos-dashboard-editors\Creator\3.8.3\resources\app.asar\node_modules\@base\electron-logger\lib\renderer.ccc:1:1260)  
at Object.warn (E:\cocos-dashboard-editors\Creator\3.8.3\resources\app.asar\builtin\asset-db\dist\worker\console.ccc:1:1510)  
at NewConsole.warn (E:\cocos-dashboard-editors\Creator\3.8.3\resources\app.asar\builtin\builder\dist\worker\console.ccc:1:2337)  
at Socket.<anonymous> (E:\cocos-dashboard-editors\Creator\3.8.3\resources\app.asar\builtin\builder\dist\worker\worker-pools\sub-process-manager.ccc:1:3352)  
at Socket.emit (events.js:315:20)  
at addChunk (internal/streams/readable.js:309:12)  
at readableAddChunk (internal/streams/readable.js:284:9)  
at Socket.Readable.push (internal/streams/readable.js:223:10)  
at Pipe.onStreamRead (internal/stream_base_commons.js:188:23)
2025-2-25 14:56:27 - warn: [Assets] [build-script][[Build.Script.Rollup]] Circular dependency: file:///G:/sxbs2/sxbs2/assets/core/Oops.ts -> file:///G:/sxbs2/sxbs2/assets/libs/network/WsNet.ts -> file:///G:/sxbs2/sxbs2/assets/core/Oops.ts
[warning][[Build.Script.Rollup]] Circular dependency: file:///G:/sxbs2/sxbs2/assets/core/Oops.ts -> file:///G:/sxbs2/sxbs2/assets/libs/network/WsNet.ts -> file:///G:/sxbs2/sxbs2/assets/libs/network/WsFunc.ts -> file:///G:/sxbs2/sxbs2/assets/core/Oops.ts
[Assets] [build-script][[Build.Script.Rollup]] Circular dependency: file:///G:/sxbs2/sxbs2/assets/core/Oops.ts -> file:///G:/sxbs2/sxbs2/assets/libs/network/WsNet.ts -> file:///G:/sxbs2/sxbs2/assets/core/Oops.ts
[warning][[Build.Script.Rollup]] Circular dependency: file:///G:/sxbs2/sxbs2/assets/core/Oops.ts -> file:///G:/sxbs2/sxbs2/assets/libs/network/WsNet.ts -> file:///G:/sxbs2/sxbs2/assets/libs/network/WsFunc.ts -> file:///G:/sxbs2/sxbs2/assets/core/Oops.ts
  
at Logger.record (E:\cocos-dashboard-editors\Creator\3.8.3\resources\app.asar\node_modules\@base\electron-logger\lib\renderer.ccc:1:458)  
at Object.warn (E:\cocos-dashboard-editors\Creator\3.8.3\resources\app.asar\node_modules\@base\electron-logger\lib\renderer.ccc:1:1260)  
at Object.warn (E:\cocos-dashboard-editors\Creator\3.8.3\resources\app.asar\builtin\asset-db\dist\worker\console.ccc:1:1510)  
at NewConsole.warn (E:\cocos-dashboard-editors\Creator\3.8.3\resources\app.asar\builtin\builder\dist\worker\console.ccc:1:2337)  
at Socket.<anonymous> (E:\cocos-dashboard-editors\Creator\3.8.3\resources\app.asar\builtin\builder\dist\worker\worker-pools\sub-process-manager.ccc:1:3352)  
at Socket.emit (events.js:315:20)  
at addChunk (internal/streams/readable.js:309:12)  
at readableAddChunk (internal/streams/readable.js:284:9)  
at Socket.Readable.push (internal/streams/readable.js:223:10)  
at Pipe.onStreamRead (internal/stream_base_commons.js:188:23)
2025-2-25 15:16:44 - info: [Window] Download the Vue Devtools extension for a better development experience:
https://github.com/vuejs/vue-devtools
2025-2-25 15:16:44 - info: [Window] You are running Vue in development mode.
Make sure to turn on production mode when deploying for production.
See more tips at https://vuejs.org/guide/deployment.html
2025-2-25 15:16:57 - warn: [Assets] [build-script][[Build.Script.Rollup]] Circular dependency: file:///G:/sxbs2/sxbs2/assets/core/Oops.ts -> file:///G:/sxbs2/sxbs2/assets/libs/network/WsNet.ts -> file:///G:/sxbs2/sxbs2/assets/core/Oops.ts
[Assets] [build-script][[Build.Script.Rollup]] Circular dependency: file:///G:/sxbs2/sxbs2/assets/core/Oops.ts -> file:///G:/sxbs2/sxbs2/assets/libs/network/WsNet.ts -> file:///G:/sxbs2/sxbs2/assets/core/Oops.ts
  
at Object.warn (E:\cocos-dashboard-editors\Creator\3.8.3\resources\app.asar\node_modules\@base\electron-logger\lib\renderer.ccc:1:1260)  
at Object.warn (E:\cocos-dashboard-editors\Creator\3.8.3\resources\app.asar\builtin\asset-db\dist\worker\console.ccc:1:1510)  
at NewConsole.warn (E:\cocos-dashboard-editors\Creator\3.8.3\resources\app.asar\builtin\builder\dist\worker\console.ccc:1:2337)  
at Socket.<anonymous> (E:\cocos-dashboard-editors\Creator\3.8.3\resources\app.asar\builtin\builder\dist\worker\worker-pools\sub-process-manager.ccc:1:3352)  
at Socket.emit (events.js:315:20)  
at addChunk (internal/streams/readable.js:309:12)  
at readableAddChunk (internal/streams/readable.js:284:9)  
at Socket.Readable.push (internal/streams/readable.js:223:10)  
at Pipe.onStreamRead (internal/stream_base_commons.js:188:23)
2025-2-25 15:16:57 - warn: [Assets] [build-script][[Build.Script.Rollup]] Circular dependency: file:///G:/sxbs2/sxbs2/assets/core/Oops.ts -> file:///G:/sxbs2/sxbs2/assets/libs/network/WsNet.ts -> file:///G:/sxbs2/sxbs2/assets/libs/network/WsFunc.ts -> file:///G:/sxbs2/sxbs2/assets/core/Oops.ts
[Assets] [build-script][[Build.Script.Rollup]] Circular dependency: file:///G:/sxbs2/sxbs2/assets/core/Oops.ts -> file:///G:/sxbs2/sxbs2/assets/libs/network/WsNet.ts -> file:///G:/sxbs2/sxbs2/assets/libs/network/WsFunc.ts -> file:///G:/sxbs2/sxbs2/assets/core/Oops.ts
  
at Object.warn (E:\cocos-dashboard-editors\Creator\3.8.3\resources\app.asar\node_modules\@base\electron-logger\lib\renderer.ccc:1:1260)  
at Object.warn (E:\cocos-dashboard-editors\Creator\3.8.3\resources\app.asar\builtin\asset-db\dist\worker\console.ccc:1:1510)  
at NewConsole.warn (E:\cocos-dashboard-editors\Creator\3.8.3\resources\app.asar\builtin\builder\dist\worker\console.ccc:1:2337)  
at Socket.<anonymous> (E:\cocos-dashboard-editors\Creator\3.8.3\resources\app.asar\builtin\builder\dist\worker\worker-pools\sub-process-manager.ccc:1:3352)  
at Socket.emit (events.js:315:20)  
at addChunk (internal/streams/readable.js:309:12)  
at readableAddChunk (internal/streams/readable.js:284:9)  
at Socket.Readable.push (internal/streams/readable.js:223:10)  
at Pipe.onStreamRead (internal/stream_base_commons.js:188:23)
2025-2-25 15:22:15 - warn: [Assets] [build-script][[Build.Script.Rollup]] Circular dependency: file:///G:/sxbs2/sxbs2/assets/core/Oops.ts -> file:///G:/sxbs2/sxbs2/assets/libs/network/WsNet.ts -> file:///G:/sxbs2/sxbs2/assets/core/Oops.ts
[warning][[Build.Script.Rollup]] Circular dependency: file:///G:/sxbs2/sxbs2/assets/core/Oops.ts -> file:///G:/sxbs2/sxbs2/assets/libs/network/WsNet.ts -> file:///G:/sxbs2/sxbs2/assets/libs/network/WsFunc.ts -> file:///G:/sxbs2/sxbs2/assets/core/Oops.ts
[Assets] [build-script][[Build.Script.Rollup]] Circular dependency: file:///G:/sxbs2/sxbs2/assets/core/Oops.ts -> file:///G:/sxbs2/sxbs2/assets/libs/network/WsNet.ts -> file:///G:/sxbs2/sxbs2/assets/core/Oops.ts
[warning][[Build.Script.Rollup]] Circular dependency: file:///G:/sxbs2/sxbs2/assets/core/Oops.ts -> file:///G:/sxbs2/sxbs2/assets/libs/network/WsNet.ts -> file:///G:/sxbs2/sxbs2/assets/libs/network/WsFunc.ts -> file:///G:/sxbs2/sxbs2/assets/core/Oops.ts
  
at Logger.record (E:\cocos-dashboard-editors\Creator\3.8.3\resources\app.asar\node_modules\@base\electron-logger\lib\renderer.ccc:1:458)  
at Object.warn (E:\cocos-dashboard-editors\Creator\3.8.3\resources\app.asar\node_modules\@base\electron-logger\lib\renderer.ccc:1:1260)  
at Object.warn (E:\cocos-dashboard-editors\Creator\3.8.3\resources\app.asar\builtin\asset-db\dist\worker\console.ccc:1:1510)  
at NewConsole.warn (E:\cocos-dashboard-editors\Creator\3.8.3\resources\app.asar\builtin\builder\dist\worker\console.ccc:1:2337)  
at Socket.<anonymous> (E:\cocos-dashboard-editors\Creator\3.8.3\resources\app.asar\builtin\builder\dist\worker\worker-pools\sub-process-manager.ccc:1:3352)  
at Socket.emit (events.js:315:20)  
at addChunk (internal/streams/readable.js:309:12)  
at readableAddChunk (internal/streams/readable.js:284:9)  
at Socket.Readable.push (internal/streams/readable.js:223:10)  
at Pipe.onStreamRead (internal/stream_base_commons.js:188:23)
2025-2-25 15:23:51 - info: [Window] Download the Vue Devtools extension for a better development experience:
https://github.com/vuejs/vue-devtools
2025-2-25 15:23:51 - info: [Window] You are running Vue in development mode.
Make sure to turn on production mode when deploying for production.
See more tips at https://vuejs.org/guide/deployment.html
2025-2-25 15:24:09 - warn: [Assets] [build-script][[Build.Script.Rollup]] Circular dependency: file:///G:/sxbs2/sxbs2/assets/core/Oops.ts -> file:///G:/sxbs2/sxbs2/assets/libs/network/WsNet.ts -> file:///G:/sxbs2/sxbs2/assets/core/Oops.ts
[warning][[Build.Script.Rollup]] Circular dependency: file:///G:/sxbs2/sxbs2/assets/core/Oops.ts -> file:///G:/sxbs2/sxbs2/assets/libs/network/WsNet.ts -> file:///G:/sxbs2/sxbs2/assets/libs/network/WsFunc.ts -> file:///G:/sxbs2/sxbs2/assets/core/Oops.ts
[Assets] [build-script][[Build.Script.Rollup]] Circular dependency: file:///G:/sxbs2/sxbs2/assets/core/Oops.ts -> file:///G:/sxbs2/sxbs2/assets/libs/network/WsNet.ts -> file:///G:/sxbs2/sxbs2/assets/core/Oops.ts
[warning][[Build.Script.Rollup]] Circular dependency: file:///G:/sxbs2/sxbs2/assets/core/Oops.ts -> file:///G:/sxbs2/sxbs2/assets/libs/network/WsNet.ts -> file:///G:/sxbs2/sxbs2/assets/libs/network/WsFunc.ts -> file:///G:/sxbs2/sxbs2/assets/core/Oops.ts
  
at Logger.record (E:\cocos-dashboard-editors\Creator\3.8.3\resources\app.asar\node_modules\@base\electron-logger\lib\renderer.ccc:1:458)  
at Object.warn (E:\cocos-dashboard-editors\Creator\3.8.3\resources\app.asar\node_modules\@base\electron-logger\lib\renderer.ccc:1:1260)  
at Object.warn (E:\cocos-dashboard-editors\Creator\3.8.3\resources\app.asar\builtin\asset-db\dist\worker\console.ccc:1:1510)  
at NewConsole.warn (E:\cocos-dashboard-editors\Creator\3.8.3\resources\app.asar\builtin\builder\dist\worker\console.ccc:1:2337)  
at Socket.<anonymous> (E:\cocos-dashboard-editors\Creator\3.8.3\resources\app.asar\builtin\builder\dist\worker\worker-pools\sub-process-manager.ccc:1:3352)  
at Socket.emit (events.js:315:20)  
at addChunk (internal/streams/readable.js:309:12)  
at readableAddChunk (internal/streams/readable.js:284:9)  
at Socket.Readable.push (internal/streams/readable.js:223:10)  
at Pipe.onStreamRead (internal/stream_base_commons.js:188:23)
2025-2-25 15:49:57 - warn: [Assets] [build-script][[Build.Script.Rollup]] Circular dependency: file:///G:/sxbs2/sxbs2/assets/core/Oops.ts -> file:///G:/sxbs2/sxbs2/assets/libs/network/WsNet.ts -> file:///G:/sxbs2/sxbs2/assets/core/Oops.ts
[warning][[Build.Script.Rollup]] Circular dependency: file:///G:/sxbs2/sxbs2/assets/core/Oops.ts -> file:///G:/sxbs2/sxbs2/assets/libs/network/WsNet.ts -> file:///G:/sxbs2/sxbs2/assets/libs/network/WsFunc.ts -> file:///G:/sxbs2/sxbs2/assets/core/Oops.ts
[Assets] [build-script][[Build.Script.Rollup]] Circular dependency: file:///G:/sxbs2/sxbs2/assets/core/Oops.ts -> file:///G:/sxbs2/sxbs2/assets/libs/network/WsNet.ts -> file:///G:/sxbs2/sxbs2/assets/core/Oops.ts
[warning][[Build.Script.Rollup]] Circular dependency: file:///G:/sxbs2/sxbs2/assets/core/Oops.ts -> file:///G:/sxbs2/sxbs2/assets/libs/network/WsNet.ts -> file:///G:/sxbs2/sxbs2/assets/libs/network/WsFunc.ts -> file:///G:/sxbs2/sxbs2/assets/core/Oops.ts
  
at Logger.record (E:\cocos-dashboard-editors\Creator\3.8.3\resources\app.asar\node_modules\@base\electron-logger\lib\renderer.ccc:1:458)  
at Object.warn (E:\cocos-dashboard-editors\Creator\3.8.3\resources\app.asar\node_modules\@base\electron-logger\lib\renderer.ccc:1:1260)  
at Object.warn (E:\cocos-dashboard-editors\Creator\3.8.3\resources\app.asar\builtin\asset-db\dist\worker\console.ccc:1:1510)  
at NewConsole.warn (E:\cocos-dashboard-editors\Creator\3.8.3\resources\app.asar\builtin\builder\dist\worker\console.ccc:1:2337)  
at Socket.<anonymous> (E:\cocos-dashboard-editors\Creator\3.8.3\resources\app.asar\builtin\builder\dist\worker\worker-pools\sub-process-manager.ccc:1:3352)  
at Socket.emit (events.js:315:20)  
at addChunk (internal/streams/readable.js:309:12)  
at readableAddChunk (internal/streams/readable.js:284:9)  
at Socket.Readable.push (internal/streams/readable.js:223:10)  
at Pipe.onStreamRead (internal/stream_base_commons.js:188:23)
2025-2-25 15:51:07 - info: [Window] Download the Vue Devtools extension for a better development experience:
https://github.com/vuejs/vue-devtools
2025-2-25 15:51:07 - info: [Window] You are running Vue in development mode.
Make sure to turn on production mode when deploying for production.
See more tips at https://vuejs.org/guide/deployment.html
2025-2-25 15:51:21 - warn: [Assets] [build-script][[Build.Script.Rollup]] Circular dependency: file:///G:/sxbs2/sxbs2/assets/core/Oops.ts -> file:///G:/sxbs2/sxbs2/assets/libs/network/WsNet.ts -> file:///G:/sxbs2/sxbs2/assets/core/Oops.ts
[warning][[Build.Script.Rollup]] Circular dependency: file:///G:/sxbs2/sxbs2/assets/core/Oops.ts -> file:///G:/sxbs2/sxbs2/assets/libs/network/WsNet.ts -> file:///G:/sxbs2/sxbs2/assets/libs/network/WsFunc.ts -> file:///G:/sxbs2/sxbs2/assets/core/Oops.ts
[Assets] [build-script][[Build.Script.Rollup]] Circular dependency: file:///G:/sxbs2/sxbs2/assets/core/Oops.ts -> file:///G:/sxbs2/sxbs2/assets/libs/network/WsNet.ts -> file:///G:/sxbs2/sxbs2/assets/core/Oops.ts
[warning][[Build.Script.Rollup]] Circular dependency: file:///G:/sxbs2/sxbs2/assets/core/Oops.ts -> file:///G:/sxbs2/sxbs2/assets/libs/network/WsNet.ts -> file:///G:/sxbs2/sxbs2/assets/libs/network/WsFunc.ts -> file:///G:/sxbs2/sxbs2/assets/core/Oops.ts
  
at Logger.record (E:\cocos-dashboard-editors\Creator\3.8.3\resources\app.asar\node_modules\@base\electron-logger\lib\renderer.ccc:1:458)  
at Object.warn (E:\cocos-dashboard-editors\Creator\3.8.3\resources\app.asar\node_modules\@base\electron-logger\lib\renderer.ccc:1:1260)  
at Object.warn (E:\cocos-dashboard-editors\Creator\3.8.3\resources\app.asar\builtin\asset-db\dist\worker\console.ccc:1:1510)  
at NewConsole.warn (E:\cocos-dashboard-editors\Creator\3.8.3\resources\app.asar\builtin\builder\dist\worker\console.ccc:1:2337)  
at Socket.<anonymous> (E:\cocos-dashboard-editors\Creator\3.8.3\resources\app.asar\builtin\builder\dist\worker\worker-pools\sub-process-manager.ccc:1:3352)  
at Socket.emit (events.js:315:20)  
at addChunk (internal/streams/readable.js:309:12)  
at readableAddChunk (internal/streams/readable.js:284:9)  
at Socket.Readable.push (internal/streams/readable.js:223:10)  
at Pipe.onStreamRead (internal/stream_base_commons.js:188:23)
2025-2-25 15:53:19 - warn: [Assets] [build-script][[Build.Script.Rollup]] Circular dependency: file:///G:/sxbs2/sxbs2/assets/core/Oops.ts -> file:///G:/sxbs2/sxbs2/assets/libs/network/WsNet.ts -> file:///G:/sxbs2/sxbs2/assets/core/Oops.ts
[warning][[Build.Script.Rollup]] Circular dependency: file:///G:/sxbs2/sxbs2/assets/core/Oops.ts -> file:///G:/sxbs2/sxbs2/assets/libs/network/WsNet.ts -> file:///G:/sxbs2/sxbs2/assets/libs/network/WsFunc.ts -> file:///G:/sxbs2/sxbs2/assets/core/Oops.ts
[Assets] [build-script][[Build.Script.Rollup]] Circular dependency: file:///G:/sxbs2/sxbs2/assets/core/Oops.ts -> file:///G:/sxbs2/sxbs2/assets/libs/network/WsNet.ts -> file:///G:/sxbs2/sxbs2/assets/core/Oops.ts
[warning][[Build.Script.Rollup]] Circular dependency: file:///G:/sxbs2/sxbs2/assets/core/Oops.ts -> file:///G:/sxbs2/sxbs2/assets/libs/network/WsNet.ts -> file:///G:/sxbs2/sxbs2/assets/libs/network/WsFunc.ts -> file:///G:/sxbs2/sxbs2/assets/core/Oops.ts
  
at Logger.record (E:\cocos-dashboard-editors\Creator\3.8.3\resources\app.asar\node_modules\@base\electron-logger\lib\renderer.ccc:1:458)  
at Object.warn (E:\cocos-dashboard-editors\Creator\3.8.3\resources\app.asar\node_modules\@base\electron-logger\lib\renderer.ccc:1:1260)  
at Object.warn (E:\cocos-dashboard-editors\Creator\3.8.3\resources\app.asar\builtin\asset-db\dist\worker\console.ccc:1:1510)  
at NewConsole.warn (E:\cocos-dashboard-editors\Creator\3.8.3\resources\app.asar\builtin\builder\dist\worker\console.ccc:1:2337)  
at Socket.<anonymous> (E:\cocos-dashboard-editors\Creator\3.8.3\resources\app.asar\builtin\builder\dist\worker\worker-pools\sub-process-manager.ccc:1:3352)  
at Socket.emit (events.js:315:20)  
at addChunk (internal/streams/readable.js:309:12)  
at readableAddChunk (internal/streams/readable.js:284:9)  
at Socket.Readable.push (internal/streams/readable.js:223:10)  
at Pipe.onStreamRead (internal/stream_base_commons.js:188:23)
2025-2-25 15:55:37 - info: [Window] Download the Vue Devtools extension for a better development experience:
https://github.com/vuejs/vue-devtools
2025-2-25 15:55:37 - info: [Window] You are running Vue in development mode.
Make sure to turn on production mode when deploying for production.
See more tips at https://vuejs.org/guide/deployment.html
2025-2-25 15:55:52 - warn: [Assets] [build-script][[Build.Script.Rollup]] Circular dependency: file:///G:/sxbs2/sxbs2/assets/core/Oops.ts -> file:///G:/sxbs2/sxbs2/assets/libs/network/WsNet.ts -> file:///G:/sxbs2/sxbs2/assets/core/Oops.ts
[warning][[Build.Script.Rollup]] Circular dependency: file:///G:/sxbs2/sxbs2/assets/core/Oops.ts -> file:///G:/sxbs2/sxbs2/assets/libs/network/WsNet.ts -> file:///G:/sxbs2/sxbs2/assets/libs/network/WsFunc.ts -> file:///G:/sxbs2/sxbs2/assets/core/Oops.ts
[Assets] [build-script][[Build.Script.Rollup]] Circular dependency: file:///G:/sxbs2/sxbs2/assets/core/Oops.ts -> file:///G:/sxbs2/sxbs2/assets/libs/network/WsNet.ts -> file:///G:/sxbs2/sxbs2/assets/core/Oops.ts
[warning][[Build.Script.Rollup]] Circular dependency: file:///G:/sxbs2/sxbs2/assets/core/Oops.ts -> file:///G:/sxbs2/sxbs2/assets/libs/network/WsNet.ts -> file:///G:/sxbs2/sxbs2/assets/libs/network/WsFunc.ts -> file:///G:/sxbs2/sxbs2/assets/core/Oops.ts
  
at Logger.record (E:\cocos-dashboard-editors\Creator\3.8.3\resources\app.asar\node_modules\@base\electron-logger\lib\renderer.ccc:1:458)  
at Object.warn (E:\cocos-dashboard-editors\Creator\3.8.3\resources\app.asar\node_modules\@base\electron-logger\lib\renderer.ccc:1:1260)  
at Object.warn (E:\cocos-dashboard-editors\Creator\3.8.3\resources\app.asar\builtin\asset-db\dist\worker\console.ccc:1:1510)  
at NewConsole.warn (E:\cocos-dashboard-editors\Creator\3.8.3\resources\app.asar\builtin\builder\dist\worker\console.ccc:1:2337)  
at Socket.<anonymous> (E:\cocos-dashboard-editors\Creator\3.8.3\resources\app.asar\builtin\builder\dist\worker\worker-pools\sub-process-manager.ccc:1:3352)  
at Socket.emit (events.js:315:20)  
at addChunk (internal/streams/readable.js:309:12)  
at readableAddChunk (internal/streams/readable.js:284:9)  
at Socket.Readable.push (internal/streams/readable.js:223:10)  
at Pipe.onStreamRead (internal/stream_base_commons.js:188:23)
2025-2-25 15:57:48 - error: [Assets] Build task has been canceled!Error: Build task has been canceled!
    at onBeforeBuild (E:\cocos-dashboard-editors\Creator\3.8.3\resources\app.asar\builtin\scene\dist\contributions\asset-build\hooks.ccc:1:104)
    at BuildTask.handleHook (E:\cocos-dashboard-editors\Creator\3.8.3\resources\app.asar\builtin\builder\dist\worker\builder\index.ccc:1:13370)
    at BuildTask.runPluginTask (E:\cocos-dashboard-editors\Creator\3.8.3\resources\app.asar\builtin\builder\dist\worker\builder\manager\task-base.ccc:1:1192)
    at BuildTask.run (E:\cocos-dashboard-editors\Creator\3.8.3\resources\app.asar\builtin\builder\dist\worker\builder\index.ccc:1:3417)
    at build (E:\cocos-dashboard-editors\Creator\3.8.3\resources\app.asar\builtin\builder\dist\worker\index.ccc:1:3967)
    at Ipc.<anonymous> (E:\cocos-dashboard-editors\Creator\3.8.3\resources\app.asar\builtin\builder\dist\worker\msg-util.ccc:1:206)
2025-2-25 15:58:00 - info: [Window] Download the Vue Devtools extension for a better development experience:
https://github.com/vuejs/vue-devtools
2025-2-25 15:58:00 - info: [Window] You are running Vue in development mode.
Make sure to turn on production mode when deploying for production.
See more tips at https://vuejs.org/guide/deployment.html
2025-2-25 15:58:12 - warn: [Assets] [build-script][[Build.Script.Rollup]] Circular dependency: file:///G:/sxbs2/sxbs2/assets/core/Oops.ts -> file:///G:/sxbs2/sxbs2/assets/libs/network/WsNet.ts -> file:///G:/sxbs2/sxbs2/assets/core/Oops.ts
[warning][[Build.Script.Rollup]] Circular dependency: file:///G:/sxbs2/sxbs2/assets/core/Oops.ts -> file:///G:/sxbs2/sxbs2/assets/libs/network/WsNet.ts -> file:///G:/sxbs2/sxbs2/assets/libs/network/WsFunc.ts -> file:///G:/sxbs2/sxbs2/assets/core/Oops.ts
[Assets] [build-script][[Build.Script.Rollup]] Circular dependency: file:///G:/sxbs2/sxbs2/assets/core/Oops.ts -> file:///G:/sxbs2/sxbs2/assets/libs/network/WsNet.ts -> file:///G:/sxbs2/sxbs2/assets/core/Oops.ts
[warning][[Build.Script.Rollup]] Circular dependency: file:///G:/sxbs2/sxbs2/assets/core/Oops.ts -> file:///G:/sxbs2/sxbs2/assets/libs/network/WsNet.ts -> file:///G:/sxbs2/sxbs2/assets/libs/network/WsFunc.ts -> file:///G:/sxbs2/sxbs2/assets/core/Oops.ts
  
at Logger.record (E:\cocos-dashboard-editors\Creator\3.8.3\resources\app.asar\node_modules\@base\electron-logger\lib\renderer.ccc:1:458)  
at Object.warn (E:\cocos-dashboard-editors\Creator\3.8.3\resources\app.asar\node_modules\@base\electron-logger\lib\renderer.ccc:1:1260)  
at Object.warn (E:\cocos-dashboard-editors\Creator\3.8.3\resources\app.asar\builtin\asset-db\dist\worker\console.ccc:1:1510)  
at NewConsole.warn (E:\cocos-dashboard-editors\Creator\3.8.3\resources\app.asar\builtin\builder\dist\worker\console.ccc:1:2337)  
at Socket.<anonymous> (E:\cocos-dashboard-editors\Creator\3.8.3\resources\app.asar\builtin\builder\dist\worker\worker-pools\sub-process-manager.ccc:1:3352)  
at Socket.emit (events.js:315:20)  
at addChunk (internal/streams/readable.js:309:12)  
at readableAddChunk (internal/streams/readable.js:284:9)  
at Socket.Readable.push (internal/streams/readable.js:223:10)  
at Pipe.onStreamRead (internal/stream_base_commons.js:188:23)
2025-2-25 16:02:51 - warn: [Scene] 'LabelOutline.color' is deprecated. (Please use Label.outlineColor instead.)Error: [Scene] 'LabelOutline.color' is deprecated. (Please use Label.outlineColor instead.)
    at warn (E:\cocos-dashboard-editors\Creator\3.8.3\resources\resources\3d\engine\bin\.cache\dev\editor\bundled\index.js:160118:12)
    at markAsWarningLog (E:\cocos-dashboard-editors\Creator\3.8.3\resources\resources\3d\engine\bin\.cache\dev\editor\bundled\index.js:165633:11)
    at LabelOutline.eval (E:\cocos-dashboard-editors\Creator\3.8.3\resources\resources\3d\engine\bin\.cache\dev\editor\bundled\index.js:165643:15)
    at E:\cocos-dashboard-editors\Creator\3.8.3\resources\app.asar\builtin\scene\dist\script\export\dump\encode.ccc:1:4297
    at Array.forEach (<anonymous>)
    at encodeComponent (E:\cocos-dashboard-editors\Creator\3.8.3\resources\app.asar\builtin\scene\dist\script\export\dump\encode.ccc:1:4203)
    at E:\cocos-dashboard-editors\Creator\3.8.3\resources\app.asar\builtin\scene\dist\script\export\dump\encode.ccc:1:2139
2025-2-25 16:02:51 - warn: [Scene] 'LabelOutline.color' is deprecated. (Please use Label.outlineColor instead.)Error: [Scene] 'LabelOutline.color' is deprecated. (Please use Label.outlineColor instead.)
    at warn (E:\cocos-dashboard-editors\Creator\3.8.3\resources\resources\3d\engine\bin\.cache\dev\editor\bundled\index.js:160118:12)
    at markAsWarningLog (E:\cocos-dashboard-editors\Creator\3.8.3\resources\resources\3d\engine\bin\.cache\dev\editor\bundled\index.js:165633:11)
    at LabelOutline.eval (E:\cocos-dashboard-editors\Creator\3.8.3\resources\resources\3d\engine\bin\.cache\dev\editor\bundled\index.js:165643:15)
    at E:\cocos-dashboard-editors\Creator\3.8.3\resources\app.asar\builtin\scene\dist\script\export\dump\encode.ccc:1:4362
    at Array.forEach (<anonymous>)
    at encodeComponent (E:\cocos-dashboard-editors\Creator\3.8.3\resources\app.asar\builtin\scene\dist\script\export\dump\encode.ccc:1:4203)
    at E:\cocos-dashboard-editors\Creator\3.8.3\resources\app.asar\builtin\scene\dist\script\export\dump\encode.ccc:1:2139
2025-2-25 16:02:51 - warn: [Scene] 'LabelOutline.width' is deprecated. (Please use Label.outlineWidth instead.)Error: [Scene] 'LabelOutline.width' is deprecated. (Please use Label.outlineWidth instead.)
    at warn (E:\cocos-dashboard-editors\Creator\3.8.3\resources\resources\3d\engine\bin\.cache\dev\editor\bundled\index.js:160118:12)
    at markAsWarningLog (E:\cocos-dashboard-editors\Creator\3.8.3\resources\resources\3d\engine\bin\.cache\dev\editor\bundled\index.js:165633:11)
    at LabelOutline.eval (E:\cocos-dashboard-editors\Creator\3.8.3\resources\resources\3d\engine\bin\.cache\dev\editor\bundled\index.js:165643:15)
    at E:\cocos-dashboard-editors\Creator\3.8.3\resources\app.asar\builtin\scene\dist\script\export\dump\encode.ccc:1:4297
    at Array.forEach (<anonymous>)
    at encodeComponent (E:\cocos-dashboard-editors\Creator\3.8.3\resources\app.asar\builtin\scene\dist\script\export\dump\encode.ccc:1:4203)
    at E:\cocos-dashboard-editors\Creator\3.8.3\resources\app.asar\builtin\scene\dist\script\export\dump\encode.ccc:1:2139
2025-2-25 16:02:51 - warn: [Scene] 'LabelOutline.width' is deprecated. (Please use Label.outlineWidth instead.)Error: [Scene] 'LabelOutline.width' is deprecated. (Please use Label.outlineWidth instead.)
    at warn (E:\cocos-dashboard-editors\Creator\3.8.3\resources\resources\3d\engine\bin\.cache\dev\editor\bundled\index.js:160118:12)
    at markAsWarningLog (E:\cocos-dashboard-editors\Creator\3.8.3\resources\resources\3d\engine\bin\.cache\dev\editor\bundled\index.js:165633:11)
    at LabelOutline.eval (E:\cocos-dashboard-editors\Creator\3.8.3\resources\resources\3d\engine\bin\.cache\dev\editor\bundled\index.js:165643:15)
    at E:\cocos-dashboard-editors\Creator\3.8.3\resources\app.asar\builtin\scene\dist\script\export\dump\encode.ccc:1:4362
    at Array.forEach (<anonymous>)
    at encodeComponent (E:\cocos-dashboard-editors\Creator\3.8.3\resources\app.asar\builtin\scene\dist\script\export\dump\encode.ccc:1:4203)
    at E:\cocos-dashboard-editors\Creator\3.8.3\resources\app.asar\builtin\scene\dist\script\export\dump\encode.ccc:1:2139
2025-2-25 16:02:57 - warn: [Scene] 'LabelOutline.color' is deprecated. (Please use Label.outlineColor instead.)Error: [Scene] 'LabelOutline.color' is deprecated. (Please use Label.outlineColor instead.)
    at warn (E:\cocos-dashboard-editors\Creator\3.8.3\resources\resources\3d\engine\bin\.cache\dev\editor\bundled\index.js:160118:12)
    at markAsWarningLog (E:\cocos-dashboard-editors\Creator\3.8.3\resources\resources\3d\engine\bin\.cache\dev\editor\bundled\index.js:165633:11)
    at LabelOutline.eval (E:\cocos-dashboard-editors\Creator\3.8.3\resources\resources\3d\engine\bin\.cache\dev\editor\bundled\index.js:165643:15)
    at E:\cocos-dashboard-editors\Creator\3.8.3\resources\app.asar\builtin\scene\dist\script\export\dump\encode.ccc:1:4297
    at Array.forEach (<anonymous>)
    at encodeComponent (E:\cocos-dashboard-editors\Creator\3.8.3\resources\app.asar\builtin\scene\dist\script\export\dump\encode.ccc:1:4203)
    at E:\cocos-dashboard-editors\Creator\3.8.3\resources\app.asar\builtin\scene\dist\script\export\dump\encode.ccc:1:2139
2025-2-25 16:02:57 - warn: [Scene] 'LabelOutline.color' is deprecated. (Please use Label.outlineColor instead.)Error: [Scene] 'LabelOutline.color' is deprecated. (Please use Label.outlineColor instead.)
    at warn (E:\cocos-dashboard-editors\Creator\3.8.3\resources\resources\3d\engine\bin\.cache\dev\editor\bundled\index.js:160118:12)
    at markAsWarningLog (E:\cocos-dashboard-editors\Creator\3.8.3\resources\resources\3d\engine\bin\.cache\dev\editor\bundled\index.js:165633:11)
    at LabelOutline.eval (E:\cocos-dashboard-editors\Creator\3.8.3\resources\resources\3d\engine\bin\.cache\dev\editor\bundled\index.js:165643:15)
    at E:\cocos-dashboard-editors\Creator\3.8.3\resources\app.asar\builtin\scene\dist\script\export\dump\encode.ccc:1:4362
    at Array.forEach (<anonymous>)
    at encodeComponent (E:\cocos-dashboard-editors\Creator\3.8.3\resources\app.asar\builtin\scene\dist\script\export\dump\encode.ccc:1:4203)
    at E:\cocos-dashboard-editors\Creator\3.8.3\resources\app.asar\builtin\scene\dist\script\export\dump\encode.ccc:1:2139
2025-2-25 16:02:57 - warn: [Scene] 'LabelOutline.width' is deprecated. (Please use Label.outlineWidth instead.)Error: [Scene] 'LabelOutline.width' is deprecated. (Please use Label.outlineWidth instead.)
    at warn (E:\cocos-dashboard-editors\Creator\3.8.3\resources\resources\3d\engine\bin\.cache\dev\editor\bundled\index.js:160118:12)
    at markAsWarningLog (E:\cocos-dashboard-editors\Creator\3.8.3\resources\resources\3d\engine\bin\.cache\dev\editor\bundled\index.js:165633:11)
    at LabelOutline.eval (E:\cocos-dashboard-editors\Creator\3.8.3\resources\resources\3d\engine\bin\.cache\dev\editor\bundled\index.js:165643:15)
    at E:\cocos-dashboard-editors\Creator\3.8.3\resources\app.asar\builtin\scene\dist\script\export\dump\encode.ccc:1:4297
    at Array.forEach (<anonymous>)
    at encodeComponent (E:\cocos-dashboard-editors\Creator\3.8.3\resources\app.asar\builtin\scene\dist\script\export\dump\encode.ccc:1:4203)
    at E:\cocos-dashboard-editors\Creator\3.8.3\resources\app.asar\builtin\scene\dist\script\export\dump\encode.ccc:1:2139
2025-2-25 16:02:57 - warn: [Scene] 'LabelOutline.width' is deprecated. (Please use Label.outlineWidth instead.)Error: [Scene] 'LabelOutline.width' is deprecated. (Please use Label.outlineWidth instead.)
    at warn (E:\cocos-dashboard-editors\Creator\3.8.3\resources\resources\3d\engine\bin\.cache\dev\editor\bundled\index.js:160118:12)
    at markAsWarningLog (E:\cocos-dashboard-editors\Creator\3.8.3\resources\resources\3d\engine\bin\.cache\dev\editor\bundled\index.js:165633:11)
    at LabelOutline.eval (E:\cocos-dashboard-editors\Creator\3.8.3\resources\resources\3d\engine\bin\.cache\dev\editor\bundled\index.js:165643:15)
    at E:\cocos-dashboard-editors\Creator\3.8.3\resources\app.asar\builtin\scene\dist\script\export\dump\encode.ccc:1:4362
    at Array.forEach (<anonymous>)
    at encodeComponent (E:\cocos-dashboard-editors\Creator\3.8.3\resources\app.asar\builtin\scene\dist\script\export\dump\encode.ccc:1:4203)
    at E:\cocos-dashboard-editors\Creator\3.8.3\resources\app.asar\builtin\scene\dist\script\export\dump\encode.ccc:1:2139
2025-2-25 16:03:00 - warn: [Scene] 'LabelOutline.color' is deprecated. (Please use Label.outlineColor instead.)Error: [Scene] 'LabelOutline.color' is deprecated. (Please use Label.outlineColor instead.)
    at warn (E:\cocos-dashboard-editors\Creator\3.8.3\resources\resources\3d\engine\bin\.cache\dev\editor\bundled\index.js:160118:12)
    at markAsWarningLog (E:\cocos-dashboard-editors\Creator\3.8.3\resources\resources\3d\engine\bin\.cache\dev\editor\bundled\index.js:165633:11)
    at LabelOutline.eval (E:\cocos-dashboard-editors\Creator\3.8.3\resources\resources\3d\engine\bin\.cache\dev\editor\bundled\index.js:165643:15)
    at E:\cocos-dashboard-editors\Creator\3.8.3\resources\app.asar\builtin\scene\dist\script\export\dump\encode.ccc:1:4297
    at Array.forEach (<anonymous>)
    at encodeComponent (E:\cocos-dashboard-editors\Creator\3.8.3\resources\app.asar\builtin\scene\dist\script\export\dump\encode.ccc:1:4203)
    at E:\cocos-dashboard-editors\Creator\3.8.3\resources\app.asar\builtin\scene\dist\script\export\dump\encode.ccc:1:2139
2025-2-25 16:03:00 - warn: [Scene] 'LabelOutline.color' is deprecated. (Please use Label.outlineColor instead.)Error: [Scene] 'LabelOutline.color' is deprecated. (Please use Label.outlineColor instead.)
    at warn (E:\cocos-dashboard-editors\Creator\3.8.3\resources\resources\3d\engine\bin\.cache\dev\editor\bundled\index.js:160118:12)
    at markAsWarningLog (E:\cocos-dashboard-editors\Creator\3.8.3\resources\resources\3d\engine\bin\.cache\dev\editor\bundled\index.js:165633:11)
    at LabelOutline.eval (E:\cocos-dashboard-editors\Creator\3.8.3\resources\resources\3d\engine\bin\.cache\dev\editor\bundled\index.js:165643:15)
    at E:\cocos-dashboard-editors\Creator\3.8.3\resources\app.asar\builtin\scene\dist\script\export\dump\encode.ccc:1:4362
    at Array.forEach (<anonymous>)
    at encodeComponent (E:\cocos-dashboard-editors\Creator\3.8.3\resources\app.asar\builtin\scene\dist\script\export\dump\encode.ccc:1:4203)
    at E:\cocos-dashboard-editors\Creator\3.8.3\resources\app.asar\builtin\scene\dist\script\export\dump\encode.ccc:1:2139
2025-2-25 16:03:00 - warn: [Scene] 'LabelOutline.width' is deprecated. (Please use Label.outlineWidth instead.)Error: [Scene] 'LabelOutline.width' is deprecated. (Please use Label.outlineWidth instead.)
    at warn (E:\cocos-dashboard-editors\Creator\3.8.3\resources\resources\3d\engine\bin\.cache\dev\editor\bundled\index.js:160118:12)
    at markAsWarningLog (E:\cocos-dashboard-editors\Creator\3.8.3\resources\resources\3d\engine\bin\.cache\dev\editor\bundled\index.js:165633:11)
    at LabelOutline.eval (E:\cocos-dashboard-editors\Creator\3.8.3\resources\resources\3d\engine\bin\.cache\dev\editor\bundled\index.js:165643:15)
    at E:\cocos-dashboard-editors\Creator\3.8.3\resources\app.asar\builtin\scene\dist\script\export\dump\encode.ccc:1:4297
    at Array.forEach (<anonymous>)
    at encodeComponent (E:\cocos-dashboard-editors\Creator\3.8.3\resources\app.asar\builtin\scene\dist\script\export\dump\encode.ccc:1:4203)
    at E:\cocos-dashboard-editors\Creator\3.8.3\resources\app.asar\builtin\scene\dist\script\export\dump\encode.ccc:1:2139
2025-2-25 16:03:00 - warn: [Scene] 'LabelOutline.width' is deprecated. (Please use Label.outlineWidth instead.)Error: [Scene] 'LabelOutline.width' is deprecated. (Please use Label.outlineWidth instead.)
    at warn (E:\cocos-dashboard-editors\Creator\3.8.3\resources\resources\3d\engine\bin\.cache\dev\editor\bundled\index.js:160118:12)
    at markAsWarningLog (E:\cocos-dashboard-editors\Creator\3.8.3\resources\resources\3d\engine\bin\.cache\dev\editor\bundled\index.js:165633:11)
    at LabelOutline.eval (E:\cocos-dashboard-editors\Creator\3.8.3\resources\resources\3d\engine\bin\.cache\dev\editor\bundled\index.js:165643:15)
    at E:\cocos-dashboard-editors\Creator\3.8.3\resources\app.asar\builtin\scene\dist\script\export\dump\encode.ccc:1:4362
    at Array.forEach (<anonymous>)
    at encodeComponent (E:\cocos-dashboard-editors\Creator\3.8.3\resources\app.asar\builtin\scene\dist\script\export\dump\encode.ccc:1:4203)
    at E:\cocos-dashboard-editors\Creator\3.8.3\resources\app.asar\builtin\scene\dist\script\export\dump\encode.ccc:1:2139
2025-2-25 16:05:50 - warn: [Scene] 'LabelOutline.color' is deprecated. (Please use Label.outlineColor instead.)Error: [Scene] 'LabelOutline.color' is deprecated. (Please use Label.outlineColor instead.)
    at warn (E:\cocos-dashboard-editors\Creator\3.8.3\resources\resources\3d\engine\bin\.cache\dev\editor\bundled\index.js:160118:12)
    at markAsWarningLog (E:\cocos-dashboard-editors\Creator\3.8.3\resources\resources\3d\engine\bin\.cache\dev\editor\bundled\index.js:165633:11)
    at LabelOutline.eval (E:\cocos-dashboard-editors\Creator\3.8.3\resources\resources\3d\engine\bin\.cache\dev\editor\bundled\index.js:165643:15)
    at E:\cocos-dashboard-editors\Creator\3.8.3\resources\app.asar\builtin\scene\dist\script\export\dump\encode.ccc:1:4297
    at Array.forEach (<anonymous>)
    at encodeComponent (E:\cocos-dashboard-editors\Creator\3.8.3\resources\app.asar\builtin\scene\dist\script\export\dump\encode.ccc:1:4203)
    at E:\cocos-dashboard-editors\Creator\3.8.3\resources\app.asar\builtin\scene\dist\script\export\dump\encode.ccc:1:2139
2025-2-25 16:05:50 - warn: [Scene] 'LabelOutline.color' is deprecated. (Please use Label.outlineColor instead.)Error: [Scene] 'LabelOutline.color' is deprecated. (Please use Label.outlineColor instead.)
    at warn (E:\cocos-dashboard-editors\Creator\3.8.3\resources\resources\3d\engine\bin\.cache\dev\editor\bundled\index.js:160118:12)
    at markAsWarningLog (E:\cocos-dashboard-editors\Creator\3.8.3\resources\resources\3d\engine\bin\.cache\dev\editor\bundled\index.js:165633:11)
    at LabelOutline.eval (E:\cocos-dashboard-editors\Creator\3.8.3\resources\resources\3d\engine\bin\.cache\dev\editor\bundled\index.js:165643:15)
    at E:\cocos-dashboard-editors\Creator\3.8.3\resources\app.asar\builtin\scene\dist\script\export\dump\encode.ccc:1:4362
    at Array.forEach (<anonymous>)
    at encodeComponent (E:\cocos-dashboard-editors\Creator\3.8.3\resources\app.asar\builtin\scene\dist\script\export\dump\encode.ccc:1:4203)
    at E:\cocos-dashboard-editors\Creator\3.8.3\resources\app.asar\builtin\scene\dist\script\export\dump\encode.ccc:1:2139
2025-2-25 16:05:50 - warn: [Scene] 'LabelOutline.width' is deprecated. (Please use Label.outlineWidth instead.)Error: [Scene] 'LabelOutline.width' is deprecated. (Please use Label.outlineWidth instead.)
    at warn (E:\cocos-dashboard-editors\Creator\3.8.3\resources\resources\3d\engine\bin\.cache\dev\editor\bundled\index.js:160118:12)
    at markAsWarningLog (E:\cocos-dashboard-editors\Creator\3.8.3\resources\resources\3d\engine\bin\.cache\dev\editor\bundled\index.js:165633:11)
    at LabelOutline.eval (E:\cocos-dashboard-editors\Creator\3.8.3\resources\resources\3d\engine\bin\.cache\dev\editor\bundled\index.js:165643:15)
    at E:\cocos-dashboard-editors\Creator\3.8.3\resources\app.asar\builtin\scene\dist\script\export\dump\encode.ccc:1:4297
    at Array.forEach (<anonymous>)
    at encodeComponent (E:\cocos-dashboard-editors\Creator\3.8.3\resources\app.asar\builtin\scene\dist\script\export\dump\encode.ccc:1:4203)
    at E:\cocos-dashboard-editors\Creator\3.8.3\resources\app.asar\builtin\scene\dist\script\export\dump\encode.ccc:1:2139
2025-2-25 16:05:50 - warn: [Scene] 'LabelOutline.width' is deprecated. (Please use Label.outlineWidth instead.)Error: [Scene] 'LabelOutline.width' is deprecated. (Please use Label.outlineWidth instead.)
    at warn (E:\cocos-dashboard-editors\Creator\3.8.3\resources\resources\3d\engine\bin\.cache\dev\editor\bundled\index.js:160118:12)
    at markAsWarningLog (E:\cocos-dashboard-editors\Creator\3.8.3\resources\resources\3d\engine\bin\.cache\dev\editor\bundled\index.js:165633:11)
    at LabelOutline.eval (E:\cocos-dashboard-editors\Creator\3.8.3\resources\resources\3d\engine\bin\.cache\dev\editor\bundled\index.js:165643:15)
    at E:\cocos-dashboard-editors\Creator\3.8.3\resources\app.asar\builtin\scene\dist\script\export\dump\encode.ccc:1:4362
    at Array.forEach (<anonymous>)
    at encodeComponent (E:\cocos-dashboard-editors\Creator\3.8.3\resources\app.asar\builtin\scene\dist\script\export\dump\encode.ccc:1:4203)
    at E:\cocos-dashboard-editors\Creator\3.8.3\resources\app.asar\builtin\scene\dist\script\export\dump\encode.ccc:1:2139
2025-2-25 16:05:50 - warn: [Scene] 'LabelOutline.color' is deprecated. (Please use Label.outlineColor instead.)Error: [Scene] 'LabelOutline.color' is deprecated. (Please use Label.outlineColor instead.)
    at warn (E:\cocos-dashboard-editors\Creator\3.8.3\resources\resources\3d\engine\bin\.cache\dev\editor\bundled\index.js:160118:12)
    at markAsWarningLog (E:\cocos-dashboard-editors\Creator\3.8.3\resources\resources\3d\engine\bin\.cache\dev\editor\bundled\index.js:165633:11)
    at LabelOutline.eval (E:\cocos-dashboard-editors\Creator\3.8.3\resources\resources\3d\engine\bin\.cache\dev\editor\bundled\index.js:165643:15)
    at E:\cocos-dashboard-editors\Creator\3.8.3\resources\app.asar\builtin\scene\dist\script\export\dump\encode.ccc:1:4297
    at Array.forEach (<anonymous>)
    at encodeComponent (E:\cocos-dashboard-editors\Creator\3.8.3\resources\app.asar\builtin\scene\dist\script\export\dump\encode.ccc:1:4203)
    at E:\cocos-dashboard-editors\Creator\3.8.3\resources\app.asar\builtin\scene\dist\script\export\dump\encode.ccc:1:2139
2025-2-25 16:05:50 - warn: [Scene] 'LabelOutline.color' is deprecated. (Please use Label.outlineColor instead.)Error: [Scene] 'LabelOutline.color' is deprecated. (Please use Label.outlineColor instead.)
    at warn (E:\cocos-dashboard-editors\Creator\3.8.3\resources\resources\3d\engine\bin\.cache\dev\editor\bundled\index.js:160118:12)
    at markAsWarningLog (E:\cocos-dashboard-editors\Creator\3.8.3\resources\resources\3d\engine\bin\.cache\dev\editor\bundled\index.js:165633:11)
    at LabelOutline.eval (E:\cocos-dashboard-editors\Creator\3.8.3\resources\resources\3d\engine\bin\.cache\dev\editor\bundled\index.js:165643:15)
    at E:\cocos-dashboard-editors\Creator\3.8.3\resources\app.asar\builtin\scene\dist\script\export\dump\encode.ccc:1:4362
    at Array.forEach (<anonymous>)
    at encodeComponent (E:\cocos-dashboard-editors\Creator\3.8.3\resources\app.asar\builtin\scene\dist\script\export\dump\encode.ccc:1:4203)
    at E:\cocos-dashboard-editors\Creator\3.8.3\resources\app.asar\builtin\scene\dist\script\export\dump\encode.ccc:1:2139
2025-2-25 16:05:50 - warn: [Scene] 'LabelOutline.width' is deprecated. (Please use Label.outlineWidth instead.)Error: [Scene] 'LabelOutline.width' is deprecated. (Please use Label.outlineWidth instead.)
    at warn (E:\cocos-dashboard-editors\Creator\3.8.3\resources\resources\3d\engine\bin\.cache\dev\editor\bundled\index.js:160118:12)
    at markAsWarningLog (E:\cocos-dashboard-editors\Creator\3.8.3\resources\resources\3d\engine\bin\.cache\dev\editor\bundled\index.js:165633:11)
    at LabelOutline.eval (E:\cocos-dashboard-editors\Creator\3.8.3\resources\resources\3d\engine\bin\.cache\dev\editor\bundled\index.js:165643:15)
    at E:\cocos-dashboard-editors\Creator\3.8.3\resources\app.asar\builtin\scene\dist\script\export\dump\encode.ccc:1:4297
    at Array.forEach (<anonymous>)
    at encodeComponent (E:\cocos-dashboard-editors\Creator\3.8.3\resources\app.asar\builtin\scene\dist\script\export\dump\encode.ccc:1:4203)
    at E:\cocos-dashboard-editors\Creator\3.8.3\resources\app.asar\builtin\scene\dist\script\export\dump\encode.ccc:1:2139
2025-2-25 16:05:50 - warn: [Scene] 'LabelOutline.width' is deprecated. (Please use Label.outlineWidth instead.)Error: [Scene] 'LabelOutline.width' is deprecated. (Please use Label.outlineWidth instead.)
    at warn (E:\cocos-dashboard-editors\Creator\3.8.3\resources\resources\3d\engine\bin\.cache\dev\editor\bundled\index.js:160118:12)
    at markAsWarningLog (E:\cocos-dashboard-editors\Creator\3.8.3\resources\resources\3d\engine\bin\.cache\dev\editor\bundled\index.js:165633:11)
    at LabelOutline.eval (E:\cocos-dashboard-editors\Creator\3.8.3\resources\resources\3d\engine\bin\.cache\dev\editor\bundled\index.js:165643:15)
    at E:\cocos-dashboard-editors\Creator\3.8.3\resources\app.asar\builtin\scene\dist\script\export\dump\encode.ccc:1:4362
    at Array.forEach (<anonymous>)
    at encodeComponent (E:\cocos-dashboard-editors\Creator\3.8.3\resources\app.asar\builtin\scene\dist\script\export\dump\encode.ccc:1:4203)
    at E:\cocos-dashboard-editors\Creator\3.8.3\resources\app.asar\builtin\scene\dist\script\export\dump\encode.ccc:1:2139
2025-2-25 16:08:25 - warn: [Assets] [build-script][[Build.Script.Rollup]] Circular dependency: file:///G:/sxbs2/sxbs2/assets/core/Oops.ts -> file:///G:/sxbs2/sxbs2/assets/libs/network/WsNet.ts -> file:///G:/sxbs2/sxbs2/assets/core/Oops.ts
[warning][[Build.Script.Rollup]] Circular dependency: file:///G:/sxbs2/sxbs2/assets/core/Oops.ts -> file:///G:/sxbs2/sxbs2/assets/libs/network/WsNet.ts -> file:///G:/sxbs2/sxbs2/assets/libs/network/WsFunc.ts -> file:///G:/sxbs2/sxbs2/assets/core/Oops.ts
[Assets] [build-script][[Build.Script.Rollup]] Circular dependency: file:///G:/sxbs2/sxbs2/assets/core/Oops.ts -> file:///G:/sxbs2/sxbs2/assets/libs/network/WsNet.ts -> file:///G:/sxbs2/sxbs2/assets/core/Oops.ts
[warning][[Build.Script.Rollup]] Circular dependency: file:///G:/sxbs2/sxbs2/assets/core/Oops.ts -> file:///G:/sxbs2/sxbs2/assets/libs/network/WsNet.ts -> file:///G:/sxbs2/sxbs2/assets/libs/network/WsFunc.ts -> file:///G:/sxbs2/sxbs2/assets/core/Oops.ts
  
at Logger.record (E:\cocos-dashboard-editors\Creator\3.8.3\resources\app.asar\node_modules\@base\electron-logger\lib\renderer.ccc:1:458)  
at Object.warn (E:\cocos-dashboard-editors\Creator\3.8.3\resources\app.asar\node_modules\@base\electron-logger\lib\renderer.ccc:1:1260)  
at Object.warn (E:\cocos-dashboard-editors\Creator\3.8.3\resources\app.asar\builtin\asset-db\dist\worker\console.ccc:1:1510)  
at NewConsole.warn (E:\cocos-dashboard-editors\Creator\3.8.3\resources\app.asar\builtin\builder\dist\worker\console.ccc:1:2337)  
at Socket.<anonymous> (E:\cocos-dashboard-editors\Creator\3.8.3\resources\app.asar\builtin\builder\dist\worker\worker-pools\sub-process-manager.ccc:1:3352)  
at Socket.emit (events.js:315:20)  
at addChunk (internal/streams/readable.js:309:12)  
at readableAddChunk (internal/streams/readable.js:284:9)  
at Socket.Readable.push (internal/streams/readable.js:223:10)  
at Pipe.onStreamRead (internal/stream_base_commons.js:188:23)
2025-2-25 16:09:26 - warn: [Assets] [build-script][[Build.Script.Rollup]] Circular dependency: file:///G:/sxbs2/sxbs2/assets/core/Oops.ts -> file:///G:/sxbs2/sxbs2/assets/libs/network/WsNet.ts -> file:///G:/sxbs2/sxbs2/assets/core/Oops.ts
[warning][[Build.Script.Rollup]] Circular dependency: file:///G:/sxbs2/sxbs2/assets/core/Oops.ts -> file:///G:/sxbs2/sxbs2/assets/libs/network/WsNet.ts -> file:///G:/sxbs2/sxbs2/assets/libs/network/WsFunc.ts -> file:///G:/sxbs2/sxbs2/assets/core/Oops.ts
[Assets] [build-script][[Build.Script.Rollup]] Circular dependency: file:///G:/sxbs2/sxbs2/assets/core/Oops.ts -> file:///G:/sxbs2/sxbs2/assets/libs/network/WsNet.ts -> file:///G:/sxbs2/sxbs2/assets/core/Oops.ts
[warning][[Build.Script.Rollup]] Circular dependency: file:///G:/sxbs2/sxbs2/assets/core/Oops.ts -> file:///G:/sxbs2/sxbs2/assets/libs/network/WsNet.ts -> file:///G:/sxbs2/sxbs2/assets/libs/network/WsFunc.ts -> file:///G:/sxbs2/sxbs2/assets/core/Oops.ts
  
at Logger.record (E:\cocos-dashboard-editors\Creator\3.8.3\resources\app.asar\node_modules\@base\electron-logger\lib\renderer.ccc:1:458)  
at Object.warn (E:\cocos-dashboard-editors\Creator\3.8.3\resources\app.asar\node_modules\@base\electron-logger\lib\renderer.ccc:1:1260)  
at Object.warn (E:\cocos-dashboard-editors\Creator\3.8.3\resources\app.asar\builtin\asset-db\dist\worker\console.ccc:1:1510)  
at NewConsole.warn (E:\cocos-dashboard-editors\Creator\3.8.3\resources\app.asar\builtin\builder\dist\worker\console.ccc:1:2337)  
at Socket.<anonymous> (E:\cocos-dashboard-editors\Creator\3.8.3\resources\app.asar\builtin\builder\dist\worker\worker-pools\sub-process-manager.ccc:1:3352)  
at Socket.emit (events.js:315:20)  
at addChunk (internal/streams/readable.js:309:12)  
at readableAddChunk (internal/streams/readable.js:284:9)  
at Socket.Readable.push (internal/streams/readable.js:223:10)  
at Pipe.onStreamRead (internal/stream_base_commons.js:188:23)
2025-2-25 16:35:15 - info: [Window] Download the Vue Devtools extension for a better development experience:
https://github.com/vuejs/vue-devtools
2025-2-25 16:35:15 - info: [Window] You are running Vue in development mode.
Make sure to turn on production mode when deploying for production.
See more tips at https://vuejs.org/guide/deployment.html
2025-2-25 16:35:32 - warn: [Assets] [build-script][[Build.Script.Rollup]] Circular dependency: file:///G:/sxbs2/sxbs2/assets/core/Oops.ts -> file:///G:/sxbs2/sxbs2/assets/libs/network/WsNet.ts -> file:///G:/sxbs2/sxbs2/assets/core/Oops.ts
[warning][[Build.Script.Rollup]] Circular dependency: file:///G:/sxbs2/sxbs2/assets/core/Oops.ts -> file:///G:/sxbs2/sxbs2/assets/libs/network/WsNet.ts -> file:///G:/sxbs2/sxbs2/assets/libs/network/WsFunc.ts -> file:///G:/sxbs2/sxbs2/assets/core/Oops.ts
[Assets] [build-script][[Build.Script.Rollup]] Circular dependency: file:///G:/sxbs2/sxbs2/assets/core/Oops.ts -> file:///G:/sxbs2/sxbs2/assets/libs/network/WsNet.ts -> file:///G:/sxbs2/sxbs2/assets/core/Oops.ts
[warning][[Build.Script.Rollup]] Circular dependency: file:///G:/sxbs2/sxbs2/assets/core/Oops.ts -> file:///G:/sxbs2/sxbs2/assets/libs/network/WsNet.ts -> file:///G:/sxbs2/sxbs2/assets/libs/network/WsFunc.ts -> file:///G:/sxbs2/sxbs2/assets/core/Oops.ts
  
at Logger.record (E:\cocos-dashboard-editors\Creator\3.8.3\resources\app.asar\node_modules\@base\electron-logger\lib\renderer.ccc:1:458)  
at Object.warn (E:\cocos-dashboard-editors\Creator\3.8.3\resources\app.asar\node_modules\@base\electron-logger\lib\renderer.ccc:1:1260)  
at Object.warn (E:\cocos-dashboard-editors\Creator\3.8.3\resources\app.asar\builtin\asset-db\dist\worker\console.ccc:1:1510)  
at NewConsole.warn (E:\cocos-dashboard-editors\Creator\3.8.3\resources\app.asar\builtin\builder\dist\worker\console.ccc:1:2337)  
at Socket.<anonymous> (E:\cocos-dashboard-editors\Creator\3.8.3\resources\app.asar\builtin\builder\dist\worker\worker-pools\sub-process-manager.ccc:1:3352)  
at Socket.emit (events.js:315:20)  
at addChunk (internal/streams/readable.js:309:12)  
at readableAddChunk (internal/streams/readable.js:284:9)  
at Socket.Readable.push (internal/streams/readable.js:223:10)  
at Pipe.onStreamRead (internal/stream_base_commons.js:188:23)
