2025-2-21 08:33:01-log: Cannot access game frame or container.
2025-2-21 08:33:02-debug: asset-db:require-engine-code (1762ms)
2025-2-21 08:33:02-log: meshopt wasm decoder initialized
2025-2-21 08:33:02-log: [box2d]:box2d wasm lib loaded.
2025-2-21 08:33:02-log: [bullet]:bullet wasm lib loaded.
2025-2-21 08:33:02-log: Cocos Creator v3.8.3
2025-2-21 08:33:02-debug: [Assets Memory track]: asset-db:worker-init: initEngine start:19.81MB, end 76.73MB, increase: 56.92MB
2025-2-21 08:33:03-debug: [Assets Memory track]: asset-db-plugin-register: programming start:77.49MB, end 80.27MB, increase: 2.77MB
2025-2-21 08:33:05-debug: [Assets Memory track]: asset-db-plugin-register: engine-extends start:171.33MB, end 174.19MB, increase: 2.86MB
2025-2-21 08:33:05-debug: [Assets Memory track]: asset-db-plugin-register: builder start:80.28MB, end 171.12MB, increase: 90.84MB
2025-2-21 08:33:05-debug: [Assets Memory track]: asset-db-plugin-register: project start:77.36MB, end 174.26MB, increase: 96.89MB
2025-2-21 08:33:05-debug: [Assets Memory track]: asset-db:worker-init: initPlugin start:76.74MB, end 174.28MB, increase: 97.54MB
2025-2-21 08:33:05-debug: asset-db:worker-init: initPlugin (2420ms)
2025-2-21 08:33:05-debug: [Assets Memory track]: asset-db:worker-init start:19.80MB, end 169.33MB, increase: 149.54MB
2025-2-21 08:33:05-debug: Run asset db hook engine-extends:beforePreStart ...
2025-2-21 08:33:05-debug: Run asset db hook engine-extends:beforePreStart success!
2025-2-21 08:33:05-debug: Run asset db hook programming:beforePreStart success!
2025-2-21 08:33:05-debug: Run asset db hook programming:beforePreStart ...
2025-2-21 08:33:05-debug: asset-db:worker-init (4790ms)
2025-2-21 08:33:05-debug: asset-db-hook-engine-extends-beforePreStart (169ms)
2025-2-21 08:33:05-debug: asset-db-hook-programming-beforePreStart (169ms)
2025-2-21 08:33:05-debug: Preimport db internal success
2025-2-21 08:33:05-debug: Preimport db assets success
2025-2-21 08:33:05-debug: Run asset db hook programming:afterPreStart ...
2025-2-21 08:33:05-debug: starting packer-driver...
2025-2-21 08:33:06-debug: initialize scripting environment...
2025-2-21 08:33:06-debug: Set detail map pack:///resolution-detail-map.json: {}
2025-2-21 08:33:06-debug: Run asset db hook engine-extends:afterPreStart success!
2025-2-21 08:33:06-debug: [Assets Memory track]: asset-db:worker-init: preStart start:169.34MB, end 173.30MB, increase: 3.96MB
2025-2-21 08:33:06-debug: Start up the 'internal' database...
2025-2-21 08:33:06-debug: Run asset db hook engine-extends:afterPreStart ...
2025-2-21 08:33:06-debug: Run asset db hook programming:afterPreStart success!
2025-2-21 08:33:07-debug: asset-db-hook-programming-afterPreStart (1520ms)
2025-2-21 08:33:07-debug: asset-db:worker-effect-data-processing (394ms)
2025-2-21 08:33:07-debug: asset-db-hook-engine-extends-afterPreStart (394ms)
2025-2-21 08:33:07-debug: [Assets Memory track]: asset-db:worker-startup-database[internal] start:169.39MB, end 185.14MB, increase: 15.75MB
2025-2-21 08:33:07-debug: Start up the 'assets' database...
2025-2-21 08:33:07-debug: asset-db:worker-startup-database[internal] (1939ms)
2025-2-21 08:33:07-debug: [Assets Memory track]: asset-db:worker-startup-database[assets] start:174.26MB, end 185.75MB, increase: 11.49MB
2025-2-21 08:33:07-debug: lazy register asset handler text
2025-2-21 08:33:07-debug: lazy register asset handler json
2025-2-21 08:33:07-debug: lazy register asset handler spine-data
2025-2-21 08:33:07-debug: lazy register asset handler dragonbones
2025-2-21 08:33:07-debug: lazy register asset handler dragonbones-atlas
2025-2-21 08:33:07-debug: [Assets Memory track]: asset-db:worker-init: startup start:173.30MB, end 185.75MB, increase: 12.45MB
2025-2-21 08:33:07-debug: lazy register asset handler terrain
2025-2-21 08:33:07-debug: lazy register asset handler *
2025-2-21 08:33:07-debug: lazy register asset handler directory
2025-2-21 08:33:07-debug: lazy register asset handler javascript
2025-2-21 08:33:07-debug: lazy register asset handler sprite-frame
2025-2-21 08:33:07-debug: lazy register asset handler tiled-map
2025-2-21 08:33:07-debug: lazy register asset handler typescript
2025-2-21 08:33:07-debug: lazy register asset handler buffer
2025-2-21 08:33:07-debug: lazy register asset handler image
2025-2-21 08:33:07-debug: lazy register asset handler sign-image
2025-2-21 08:33:07-debug: lazy register asset handler alpha-image
2025-2-21 08:33:07-debug: lazy register asset handler texture-cube
2025-2-21 08:33:07-debug: lazy register asset handler erp-texture-cube
2025-2-21 08:33:07-debug: lazy register asset handler render-texture
2025-2-21 08:33:07-debug: lazy register asset handler texture-cube-face
2025-2-21 08:33:07-debug: lazy register asset handler rt-sprite-frame
2025-2-21 08:33:07-debug: lazy register asset handler scene
2025-2-21 08:33:07-debug: lazy register asset handler prefab
2025-2-21 08:33:07-debug: lazy register asset handler texture
2025-2-21 08:33:07-debug: lazy register asset handler gltf-mesh
2025-2-21 08:33:07-debug: lazy register asset handler gltf-skeleton
2025-2-21 08:33:07-debug: lazy register asset handler gltf-animation
2025-2-21 08:33:07-debug: lazy register asset handler gltf-material
2025-2-21 08:33:07-debug: lazy register asset handler gltf-scene
2025-2-21 08:33:07-debug: lazy register asset handler gltf-embeded-image
2025-2-21 08:33:07-debug: lazy register asset handler material
2025-2-21 08:33:07-debug: lazy register asset handler fbx
2025-2-21 08:33:07-debug: lazy register asset handler physics-material
2025-2-21 08:33:07-debug: lazy register asset handler gltf
2025-2-21 08:33:07-debug: lazy register asset handler effect
2025-2-21 08:33:07-debug: lazy register asset handler animation-clip
2025-2-21 08:33:07-debug: lazy register asset handler effect-header
2025-2-21 08:33:07-debug: lazy register asset handler animation-graph
2025-2-21 08:33:07-debug: lazy register asset handler animation-graph-variant
2025-2-21 08:33:07-debug: lazy register asset handler ttf-font
2025-2-21 08:33:07-debug: lazy register asset handler audio-clip
2025-2-21 08:33:07-debug: lazy register asset handler animation-mask
2025-2-21 08:33:07-debug: lazy register asset handler bitmap-font
2025-2-21 08:33:07-debug: lazy register asset handler particle
2025-2-21 08:33:07-debug: lazy register asset handler label-atlas
2025-2-21 08:33:07-debug: lazy register asset handler render-pipeline
2025-2-21 08:33:07-debug: lazy register asset handler render-stage
2025-2-21 08:33:07-debug: lazy register asset handler render-flow
2025-2-21 08:33:07-debug: lazy register asset handler sprite-atlas
2025-2-21 08:33:07-debug: lazy register asset handler instantiation-material
2025-2-21 08:33:07-debug: lazy register asset handler instantiation-mesh
2025-2-21 08:33:07-debug: lazy register asset handler instantiation-skeleton
2025-2-21 08:33:07-debug: lazy register asset handler instantiation-animation
2025-2-21 08:33:07-debug: lazy register asset handler video-clip
2025-2-21 08:33:07-debug: lazy register asset handler auto-atlas
2025-2-21 08:33:07-debug: asset-db:worker-startup-database[assets] (1742ms)
2025-2-21 08:33:07-debug: asset-db:start-database (1993ms)
2025-2-21 08:33:07-debug: asset-db:ready (10756ms)
2025-2-21 08:33:07-debug: init worker message success
2025-2-21 08:33:07-debug: programming:execute-script (6ms)
2025-2-21 08:33:07-error: Error: Cannot find module 'jsb_md5'Require stack:- E:\sxbs2\sxbs2\extensions\oops-plugin-hot-update\dist\HotUpdate.js- E:\sxbs2\sxbs2\extensions\oops-plugin-hot-update\dist\hooks.js- E:\cocos-dashboard-editors\Creator\3.8.3\resources\app.asar\node_modules\@editor\creator\dist\module\protected\public.ccc- E:\cocos-dashboard-editors\Creator\3.8.3\resources\app.asar\node_modules\@editor\creator\dist\module\protected\index.ccc- E:\cocos-dashboard-editors\Creator\3.8.3\resources\app.asar\node_modules\@editor\creator\dist\module\index.ccc- E:\cocos-dashboard-editors\Creator\3.8.3\resources\app.asar\node_modules\editor\preload.js- E:\cocos-dashboard-editors\Creator\3.8.3\resources\app.asar\builtin\asset-db\dist\worker\index.ccc- E:\cocos-dashboard-editors\Creator\3.8.3\resources\app.asar\node_modules\@base\electron-worker\static\script.ccc- E:\cocos-dashboard-editors\Creator\3.8.3\resources\app.asar\node_modules\@base\electron-worker\static\worker.html    at Module._resolveFilename (internal/modules/cjs/loader.js:887:15)    at o._resolveFilename (electron/js2c/renderer_init.js:33:917)    at Function.<anonymous> (E:\cocos-dashboard-editors\Creator\3.8.3\resources\app.asar\node_modules\fix-electron-require\index.js:7:24)    at Function._resolveFilename (E:\cocos-dashboard-editors\Creator\3.8.3\resources\app.asar\node_modules\cc\preload.ts:109:46)    at Module._load (internal/modules/cjs/loader.js:732:27)    at Function.f._load (electron/js2c/asar_bundle.js:5:12913)    at Function._load (E:\cocos-dashboard-editors\Creator\3.8.3\resources\app.asar\node_modules\cc\preload.ts:127:35)    at Module.require (internal/modules/cjs/loader.js:959:19)    at require (internal/modules/cjs/helpers.js:88:18)    at Object.<anonymous> (E:\sxbs2\sxbs2\extensions\oops-plugin-hot-update\dist\HotUpdate.js:8:17)
2025-2-21 08:33:07-error: register plugin oops-plugin-hot-update in build worker failed!
2025-2-21 08:33:07-debug: [Build Memory track]: builder:worker-init start:183.68MB, end 198.04MB, increase: 14.36MB
2025-2-21 08:33:07-debug: builder:worker-init (696ms)
2025-2-21 08:33:08-debug: refresh db internal success
2025-2-21 08:33:08-debug: refresh db assets success
2025-2-21 08:33:08-debug: Run asset db hook engine-extends:afterRefresh ...
2025-2-21 08:33:08-debug: Run asset db hook engine-extends:afterRefresh success!
2025-2-21 08:33:08-debug: asset-db:refresh-all-database (234ms)
2025-2-21 08:33:08-debug: asset-db:worker-effect-data-processing (1ms)
2025-2-21 08:33:08-debug: asset-db-hook-engine-extends-afterRefresh (2ms)
2025-2-21 08:33:10-debug: refresh db internal success
2025-2-21 08:33:11-debug: refresh db assets success
2025-2-21 08:33:11-debug: Run asset db hook engine-extends:afterRefresh ...
2025-2-21 08:33:11-debug: Run asset db hook engine-extends:afterRefresh success!
2025-2-21 08:33:11-debug: asset-db:refresh-all-database (112ms)
2025-2-21 08:33:11-debug: asset-db:worker-effect-data-processing (2ms)
2025-2-21 08:33:11-debug: asset-db-hook-engine-extends-afterRefresh (2ms)
2025-2-21 08:33:43-debug: refresh db internal success
2025-2-21 08:33:43-debug: refresh db assets success
2025-2-21 08:33:43-debug: Run asset db hook engine-extends:afterRefresh ...
2025-2-21 08:33:43-debug: Run asset db hook engine-extends:afterRefresh success!
2025-2-21 08:33:43-debug: asset-db:refresh-all-database (112ms)
2025-2-21 08:33:43-debug: asset-db:worker-effect-data-processing (1ms)
2025-2-21 08:33:43-debug: asset-db-hook-engine-extends-afterRefresh (2ms)
2025-2-21 08:34:28-debug: refresh db internal success
2025-2-21 08:34:28-debug: refresh db assets success
2025-2-21 08:34:28-debug: Run asset db hook engine-extends:afterRefresh ...
2025-2-21 08:34:28-debug: Run asset db hook engine-extends:afterRefresh success!
2025-2-21 08:34:28-debug: asset-db:refresh-all-database (96ms)
2025-2-21 08:34:28-debug: asset-db:worker-effect-data-processing (1ms)
2025-2-21 08:34:28-debug: asset-db-hook-engine-extends-afterRefresh (1ms)
