2025-2-24 13:44:24-log: Cannot access game frame or container.
2025-2-24 13:44:25-debug: asset-db:require-engine-code (1787ms)
2025-2-24 13:44:25-log: meshopt wasm decoder initialized
2025-2-24 13:44:25-log: [box2d]:box2d wasm lib loaded.
2025-2-24 13:44:25-log: [bullet]:bullet wasm lib loaded.
2025-2-24 13:44:25-log: Cocos Creator v3.8.3
2025-2-24 13:44:25-debug: [Assets Memory track]: asset-db:worker-init: initEngine start:23.39MB, end 77.72MB, increase: 54.33MB
2025-2-24 13:44:27-debug: [Assets Memory track]: asset-db-plugin-register: engine-extends start:175.07MB, end 177.93MB, increase: 2.86MB
2025-2-24 13:44:27-debug: [Assets Memory track]: asset-db-plugin-register: project start:78.35MB, end 178.00MB, increase: 99.65MB
2025-2-24 13:44:27-debug: [Assets Memory track]: asset-db:worker-init: initPlugin start:77.73MB, end 178.02MB, increase: 100.29MB
2025-2-24 13:44:25-debug: [Assets Memory track]: asset-db-plugin-register: programming start:78.47MB, end 81.21MB, increase: 2.74MB
2025-2-24 13:44:27-debug: [Assets Memory track]: asset-db-plugin-register: builder start:81.23MB, end 174.86MB, increase: 93.63MB
2025-2-24 13:44:27-debug: asset-db:worker-init: initPlugin (2465ms)
2025-2-24 13:44:27-debug: [Assets Memory track]: asset-db:worker-init start:23.38MB, end 178.08MB, increase: 154.70MB
2025-2-24 13:44:27-debug: Run asset db hook programming:beforePreStart success!
2025-2-24 13:44:27-debug: Run asset db hook engine-extends:beforePreStart ...
2025-2-24 13:44:27-debug: Run asset db hook programming:beforePreStart ...
2025-2-24 13:44:27-debug: Run asset db hook engine-extends:beforePreStart success!
2025-2-24 13:44:28-debug: asset-db:worker-init (4689ms)
2025-2-24 13:44:28-debug: asset-db-hook-programming-beforePreStart (165ms)
2025-2-24 13:44:28-debug: asset-db-hook-engine-extends-beforePreStart (165ms)
2025-2-24 13:44:28-debug: Preimport db internal success
2025-2-24 13:44:28-debug: Preimport db assets success
2025-2-24 13:44:28-debug: Run asset db hook programming:afterPreStart ...
2025-2-24 13:44:28-debug: starting packer-driver...
2025-2-24 13:44:29-debug: initialize scripting environment...
2025-2-24 13:44:29-debug: Set detail map pack:///resolution-detail-map.json: {}
2025-2-24 13:44:29-debug: Run asset db hook programming:afterPreStart success!
2025-2-24 13:44:29-debug: Run asset db hook engine-extends:afterPreStart success!
2025-2-24 13:44:29-debug: [Assets Memory track]: asset-db:worker-init: preStart start:178.09MB, end 181.26MB, increase: 3.17MB
2025-2-24 13:44:29-debug: Run asset db hook engine-extends:afterPreStart ...
2025-2-24 13:44:29-debug: Start up the 'internal' database...
2025-2-24 13:44:29-debug: asset-db-hook-programming-afterPreStart (1537ms)
2025-2-24 13:44:29-debug: asset-db:worker-effect-data-processing (393ms)
2025-2-24 13:44:29-debug: asset-db-hook-engine-extends-afterPreStart (393ms)
2025-2-24 13:44:29-debug: [Assets Memory track]: asset-db:worker-startup-database[internal] start:178.14MB, end 189.69MB, increase: 11.55MB
2025-2-24 13:44:29-debug: Start up the 'assets' database...
2025-2-24 13:44:29-debug: asset-db:worker-startup-database[internal] (1952ms)
2025-2-24 13:44:29-debug: [Assets Memory track]: asset-db:worker-startup-database[assets] start:176.74MB, end 190.38MB, increase: 13.65MB
2025-2-24 13:44:29-debug: lazy register asset handler directory
2025-2-24 13:44:29-debug: lazy register asset handler text
2025-2-24 13:44:29-debug: lazy register asset handler *
2025-2-24 13:44:29-debug: lazy register asset handler json
2025-2-24 13:44:29-debug: lazy register asset handler spine-data
2025-2-24 13:44:29-debug: lazy register asset handler dragonbones
2025-2-24 13:44:29-debug: lazy register asset handler dragonbones-atlas
2025-2-24 13:44:29-debug: lazy register asset handler terrain
2025-2-24 13:44:29-debug: lazy register asset handler typescript
2025-2-24 13:44:29-debug: [Assets Memory track]: asset-db:worker-init: startup start:181.26MB, end 190.39MB, increase: 9.13MB
2025-2-24 13:44:29-debug: lazy register asset handler javascript
2025-2-24 13:44:29-debug: lazy register asset handler sprite-frame
2025-2-24 13:44:29-debug: lazy register asset handler prefab
2025-2-24 13:44:29-debug: lazy register asset handler buffer
2025-2-24 13:44:29-debug: lazy register asset handler image
2025-2-24 13:44:29-debug: lazy register asset handler sign-image
2025-2-24 13:44:29-debug: lazy register asset handler alpha-image
2025-2-24 13:44:29-debug: lazy register asset handler tiled-map
2025-2-24 13:44:29-debug: lazy register asset handler texture
2025-2-24 13:44:29-debug: lazy register asset handler texture-cube
2025-2-24 13:44:29-debug: lazy register asset handler scene
2025-2-24 13:44:29-debug: lazy register asset handler texture-cube-face
2025-2-24 13:44:29-debug: lazy register asset handler rt-sprite-frame
2025-2-24 13:44:29-debug: lazy register asset handler gltf
2025-2-24 13:44:29-debug: lazy register asset handler render-texture
2025-2-24 13:44:29-debug: lazy register asset handler erp-texture-cube
2025-2-24 13:44:29-debug: lazy register asset handler gltf-animation
2025-2-24 13:44:29-debug: lazy register asset handler gltf-skeleton
2025-2-24 13:44:29-debug: lazy register asset handler gltf-scene
2025-2-24 13:44:29-debug: lazy register asset handler gltf-material
2025-2-24 13:44:29-debug: lazy register asset handler gltf-embeded-image
2025-2-24 13:44:29-debug: lazy register asset handler material
2025-2-24 13:44:29-debug: lazy register asset handler physics-material
2025-2-24 13:44:29-debug: lazy register asset handler effect-header
2025-2-24 13:44:29-debug: lazy register asset handler gltf-mesh
2025-2-24 13:44:29-debug: lazy register asset handler audio-clip
2025-2-24 13:44:29-debug: lazy register asset handler fbx
2025-2-24 13:44:29-debug: lazy register asset handler animation-clip
2025-2-24 13:44:29-debug: lazy register asset handler animation-graph
2025-2-24 13:44:29-debug: lazy register asset handler animation-graph-variant
2025-2-24 13:44:29-debug: lazy register asset handler ttf-font
2025-2-24 13:44:29-debug: lazy register asset handler animation-mask
2025-2-24 13:44:29-debug: lazy register asset handler bitmap-font
2025-2-24 13:44:29-debug: lazy register asset handler particle
2025-2-24 13:44:29-debug: lazy register asset handler sprite-atlas
2025-2-24 13:44:29-debug: lazy register asset handler label-atlas
2025-2-24 13:44:29-debug: lazy register asset handler render-pipeline
2025-2-24 13:44:29-debug: lazy register asset handler effect
2025-2-24 13:44:29-debug: lazy register asset handler auto-atlas
2025-2-24 13:44:29-debug: lazy register asset handler instantiation-mesh
2025-2-24 13:44:29-debug: lazy register asset handler instantiation-skeleton
2025-2-24 13:44:29-debug: lazy register asset handler render-stage
2025-2-24 13:44:29-debug: lazy register asset handler render-flow
2025-2-24 13:44:29-debug: lazy register asset handler instantiation-material
2025-2-24 13:44:29-debug: lazy register asset handler instantiation-animation
2025-2-24 13:44:29-debug: lazy register asset handler video-clip
2025-2-24 13:44:29-debug: asset-db:worker-startup-database[assets] (1764ms)
2025-2-24 13:44:29-debug: asset-db:start-database (2006ms)
2025-2-24 13:44:29-debug: asset-db:ready (10752ms)
2025-2-24 13:44:29-debug: init worker message success
2025-2-24 13:44:29-debug: programming:execute-script (7ms)
2025-2-24 13:44:30-log: [oops-plugin-hot-update] 热更新插件加载
2025-2-24 13:44:30-debug: [Build Memory track]: builder:worker-init start:188.30MB, end 204.20MB, increase: 15.90MB
2025-2-24 13:44:30-debug: builder:worker-init (814ms)
2025-2-24 13:44:31-debug: refresh db internal success
2025-2-24 13:44:31-debug: refresh db assets success
2025-2-24 13:44:31-debug: Run asset db hook engine-extends:afterRefresh ...
2025-2-24 13:44:31-debug: Run asset db hook engine-extends:afterRefresh success!
2025-2-24 13:44:31-debug: asset-db:refresh-all-database (278ms)
2025-2-24 13:44:31-debug: asset-db:worker-effect-data-processing (1ms)
2025-2-24 13:44:31-debug: asset-db-hook-engine-extends-afterRefresh (1ms)
2025-2-24 14:40:38-debug: refresh db internal success
2025-2-24 14:40:38-debug: refresh db assets success
2025-2-24 14:40:38-debug: Run asset db hook engine-extends:afterRefresh ...
2025-2-24 14:40:38-debug: Run asset db hook engine-extends:afterRefresh success!
2025-2-24 14:40:38-debug: asset-db:refresh-all-database (143ms)
2025-2-24 14:40:38-debug: asset-db:worker-effect-data-processing (1ms)
2025-2-24 14:40:38-debug: asset-db-hook-engine-extends-afterRefresh (1ms)
2025-2-24 14:42:12-debug: refresh db internal success
2025-2-24 14:42:12-debug: refresh db assets success
2025-2-24 14:42:12-debug: Run asset db hook engine-extends:afterRefresh ...
2025-2-24 14:42:12-debug: Run asset db hook engine-extends:afterRefresh success!
2025-2-24 14:42:12-debug: asset-db:refresh-all-database (109ms)
2025-2-24 14:42:12-debug: asset-db:worker-effect-data-processing (1ms)
2025-2-24 14:42:12-debug: asset-db-hook-engine-extends-afterRefresh (1ms)
2025-2-24 15:30:44-debug: refresh db internal success
2025-2-24 15:30:44-debug: refresh db assets success
2025-2-24 15:30:44-debug: Run asset db hook engine-extends:afterRefresh ...
2025-2-24 15:30:44-debug: Run asset db hook engine-extends:afterRefresh success!
2025-2-24 15:30:44-debug: asset-db:refresh-all-database (1068ms)
2025-2-24 15:30:44-debug: asset-db:worker-effect-data-processing (4ms)
2025-2-24 15:30:44-debug: asset-db-hook-engine-extends-afterRefresh (7ms)
